2024-06-24 22:44:03.937 [info] Added views:workbench.panel.markers.view in workbench.panel.markers
2024-06-24 22:44:03.937 [info] Added views:workbench.panel.output in workbench.panel.output
2024-06-24 22:44:03.937 [info] Added views:terminal in terminal
2024-06-24 22:44:03.937 [info] Added views:outline in workbench.view.explorer
2024-06-24 22:44:03.937 [info] Added views:workbench.scm in workbench.view.scm
2024-06-24 22:44:03.937 [info] Added views:workbench.view.search in workbench.view.search
2024-06-24 22:44:03.937 [info] Added views:timeline in workbench.view.explorer
2024-06-24 22:44:03.937 [info] Added views:workbench.explorer.emptyView in workbench.view.explorer
2024-06-24 22:44:04.652 [info] Added views:workbench.debug.welcome in workbench.view.debug
2024-06-24 22:44:04.708 [info] Added views:workbench.panel.repl.view in workbench.panel.repl
2024-06-24 22:44:05.091 [info] Added views:~remote.forwardedPorts in ~remote.forwardedPortsContainer
2024-06-24 22:44:15.245 [info] Added views:workbench.panel.markers.view in workbench.panel.markers
2024-06-24 22:44:15.245 [info] Added views:workbench.panel.output in workbench.panel.output
2024-06-24 22:44:15.245 [info] Added views:terminal in terminal
2024-06-24 22:44:15.245 [info] Added views:outline in workbench.view.explorer
2024-06-24 22:44:15.245 [info] Added views:workbench.scm in workbench.view.scm
2024-06-24 22:44:15.245 [info] Added views:workbench.view.search in workbench.view.search
2024-06-24 22:44:15.245 [info] Added views:timeline in workbench.view.explorer
2024-06-24 22:44:15.245 [info] Added views:workbench.explorer.fileView in workbench.view.explorer
2024-06-24 22:44:16.056 [info] Added views:workbench.debug.variablesView,workbench.debug.watchExpressionsView,workbench.debug.callStackView,workbench.debug.breakPointsView in workbench.view.debug
2024-06-24 22:44:16.082 [info] Added views:workbench.panel.repl.view in workbench.panel.repl
2024-06-24 22:44:16.083 [info] Removed views:workbench.debug.breakPointsView,workbench.debug.callStackView,workbench.debug.watchExpressionsView,workbench.debug.variablesView from workbench.view.debug
2024-06-24 22:44:16.083 [info] Added views:workbench.debug.welcome in workbench.view.debug
2024-06-24 22:44:16.369 [info] Added views:~remote.forwardedPorts in ~remote.forwardedPortsContainer
2024-06-24 22:44:16.725 [info] Added views:workbench.views.extensions.installed,extensions.recommendedList in workbench.view.extensions
2024-06-24 22:44:20.907 [info] Removed views:extensions.recommendedList,workbench.views.extensions.installed from workbench.view.extensions
2024-06-24 22:44:20.935 [info] Added views:workbench.views.extensions.marketplace in workbench.view.extensions
2024-06-24 22:44:36.520 [info] Added views:cmake.projectStatus,cmake.outline,cmake.pinnedCommands in workbench.view.extension.cmake-view
2024-06-24 22:45:15.846 [info] Removed views:workbench.views.extensions.marketplace from workbench.view.extensions
2024-06-24 22:45:15.864 [info] Added views:workbench.views.extensions.installed,extensions.recommendedList in workbench.view.extensions
