2024-06-28 19:38:07.278 [info] Added views:workbench.panel.markers.view in workbench.panel.markers
2024-06-28 19:38:07.278 [info] Added views:workbench.panel.output in workbench.panel.output
2024-06-28 19:38:07.278 [info] Added views:terminal in terminal
2024-06-28 19:38:07.278 [info] Added views:outline in workbench.view.explorer
2024-06-28 19:38:07.278 [info] Added views:workbench.scm in workbench.view.scm
2024-06-28 19:38:07.278 [info] Added views:workbench.view.search in workbench.view.search
2024-06-28 19:38:07.278 [info] Added views:timeline in workbench.view.explorer
2024-06-28 19:38:07.278 [info] Added views:workbench.explorer.fileView in workbench.view.explorer
2024-06-28 19:38:07.996 [info] Added views:workbench.debug.welcome in workbench.view.debug
2024-06-28 19:38:08.583 [info] Added views:workbench.panel.repl.view in workbench.panel.repl
2024-06-28 19:38:09.313 [info] Added views:~remote.forwardedPorts in ~remote.forwardedPortsContainer
2024-06-28 19:38:11.206 [info] Added views:cmake.projectStatus,cmake.outline,cmake.pinnedCommands in workbench.view.extension.cmake-view
2024-06-28 19:38:13.729 [info] Added views:workbench.view.testing in workbench.view.extension.test
2024-06-28 19:38:21.358 [info] Added views:workbench.views.extensions.installed,workbench.views.extensions.popular,extensions.recommendedList in workbench.view.extensions
2024-06-28 19:38:21.366 [info] Removed views:workbench.views.extensions.popular from workbench.view.extensions
2024-06-28 19:38:23.385 [info] Removed views:workbench.view.testing from workbench.view.extension.test
2024-06-28 19:38:23.904 [info] Removed views:workbench.panel.repl.view from workbench.panel.repl
2024-06-28 19:38:24.064 [info] Added views:workbench.panel.repl.view in workbench.panel.repl
2024-06-28 19:38:24.466 [info] Removed views:cmake.pinnedCommands,cmake.outline,cmake.projectStatus from workbench.view.extension.cmake-view
2024-06-28 19:38:25.135 [info] Added views:cmake.projectStatus,cmake.outline,cmake.pinnedCommands in workbench.view.extension.cmake-view
2024-06-28 19:38:25.814 [info] Added views:workbench.view.testing in workbench.view.extension.test
2024-06-29 15:50:34.334 [info] Removed views:workbench.view.testing from workbench.view.extension.test
2024-06-29 15:50:35.619 [info] Added views:workbench.panel.markers.view in workbench.panel.markers
2024-06-29 15:50:35.619 [info] Added views:workbench.panel.output in workbench.panel.output
2024-06-29 15:50:35.619 [info] Added views:terminal in terminal
2024-06-29 15:50:35.619 [info] Added views:outline in workbench.view.explorer
2024-06-29 15:50:35.619 [info] Added views:workbench.scm in workbench.view.scm
2024-06-29 15:50:35.619 [info] Added views:workbench.view.search in workbench.view.search
2024-06-29 15:50:35.619 [info] Added views:timeline in workbench.view.explorer
2024-06-29 15:50:35.619 [info] Added views:workbench.explorer.emptyView in workbench.view.explorer
2024-06-29 15:50:36.644 [info] Added views:workbench.debug.variablesView,workbench.debug.watchExpressionsView,workbench.debug.callStackView,workbench.debug.breakPointsView in workbench.view.debug
2024-06-29 15:50:36.667 [info] Added views:workbench.panel.repl.view in workbench.panel.repl
2024-06-29 15:50:36.669 [info] Removed views:workbench.debug.breakPointsView,workbench.debug.callStackView,workbench.debug.watchExpressionsView,workbench.debug.variablesView from workbench.view.debug
2024-06-29 15:50:36.669 [info] Added views:workbench.debug.welcome in workbench.view.debug
2024-06-29 15:50:36.824 [info] Added views:~remote.forwardedPorts in ~remote.forwardedPortsContainer
2024-06-29 15:50:46.852 [info] Added views:workbench.panel.markers.view in workbench.panel.markers
2024-06-29 15:50:46.852 [info] Added views:workbench.panel.output in workbench.panel.output
2024-06-29 15:50:46.852 [info] Added views:terminal in terminal
2024-06-29 15:50:46.852 [info] Added views:outline in workbench.view.explorer
2024-06-29 15:50:46.852 [info] Added views:workbench.scm in workbench.view.scm
2024-06-29 15:50:46.852 [info] Added views:workbench.view.search in workbench.view.search
2024-06-29 15:50:46.852 [info] Added views:timeline in workbench.view.explorer
2024-06-29 15:50:46.852 [info] Added views:workbench.explorer.fileView in workbench.view.explorer
2024-06-29 15:50:47.660 [info] Added views:workbench.debug.variablesView,workbench.debug.watchExpressionsView,workbench.debug.callStackView,workbench.debug.breakPointsView in workbench.view.debug
2024-06-29 15:50:47.720 [info] Added views:workbench.panel.repl.view in workbench.panel.repl
2024-06-29 15:50:47.722 [info] Removed views:workbench.debug.breakPointsView,workbench.debug.callStackView,workbench.debug.watchExpressionsView,workbench.debug.variablesView from workbench.view.debug
2024-06-29 15:50:47.723 [info] Added views:workbench.debug.welcome in workbench.view.debug
2024-06-29 15:50:47.981 [info] Added views:~remote.forwardedPorts in ~remote.forwardedPortsContainer
