2024-06-29 17:20:46.070 [info] Log level: Info
2024-06-29 17:20:46.070 [info] Validating found git in: "git"
2024-06-29 17:20:46.070 [info] Using git "2.45.2" from "git"
2024-06-29 17:20:46.070 [info] > git rev-parse --show-toplevel [7ms]
2024-06-29 17:20:46.070 [info] > git rev-parse --git-dir --git-common-dir [4ms]
2024-06-29 17:20:46.070 [info] Open repository: /home/voxi0/Desktop/ArchDots
2024-06-29 17:20:46.101 [info] > git rev-parse --show-toplevel [10ms]
2024-06-29 17:20:46.104 [info] > git config --get commit.template [26ms]
2024-06-29 17:20:46.179 [info] > git rev-parse --show-toplevel [56ms]
2024-06-29 17:20:46.195 [info] > git for-each-ref --format=%(refname)%00%(upstream:short)%00%(objectname)%00%(upstream:track)%00%(upstream:remotename)%00%(upstream:remoteref) refs/heads/main refs/remotes/main [20ms]
2024-06-29 17:20:46.199 [info] > git rev-parse --show-toplevel [5ms]
2024-06-29 17:20:46.229 [info] > git rev-parse --show-toplevel [19ms]
2024-06-29 17:20:46.235 [info] > git status -z -uall [7ms]
2024-06-29 17:20:46.269 [info] > git merge-base refs/heads/main refs/remotes/origin/main [25ms]
2024-06-29 17:20:46.296 [info] > git config --get commit.template [35ms]
2024-06-29 17:20:46.391 [info] > git for-each-ref --format=%(refname)%00%(upstream:short)%00%(objectname)%00%(upstream:track)%00%(upstream:remotename)%00%(upstream:remoteref) refs/heads/main refs/remotes/main [83ms]
2024-06-29 17:20:46.394 [info] > git rev-list --count --left-right refs/heads/main...refs/remotes/origin/main [99ms]
2024-06-29 17:20:46.458 [info] > git diff --name-status -z --diff-filter=ADMR 34ef829a18f72d90a265def56be46698edcbadb5...refs/remotes/origin/main [52ms]
2024-06-29 17:20:46.555 [info] > git status -z -uall [1ms]
2024-06-29 17:20:46.779 [info] > git check-ignore -v -z --stdin [36ms]
2024-06-29 17:20:48.720 [info] > git show --textconv :install.sh [20ms]
2024-06-29 17:20:48.725 [info] > git ls-files --stage -- /home/voxi0/Desktop/ArchDots/install.sh [7ms]
2024-06-29 17:20:48.743 [info] > git cat-file -s 9400e43fdebb04a44792ac200a0c7dd76cd2e5f6 [6ms]
2024-06-29 17:25:19.595 [info] > git config --get commit.template [21ms]
2024-06-29 17:25:19.598 [info] > git for-each-ref --format=%(refname)%00%(upstream:short)%00%(objectname)%00%(upstream:track)%00%(upstream:remotename)%00%(upstream:remoteref) refs/heads/main refs/remotes/main [7ms]
2024-06-29 17:25:19.616 [info] > git status -z -uall [6ms]
2024-06-29 17:26:41.314 [info] > git config --get commit.template [13ms]
2024-06-29 17:26:41.316 [info] > git for-each-ref --format=%(refname)%00%(upstream:short)%00%(objectname)%00%(upstream:track)%00%(upstream:remotename)%00%(upstream:remoteref) refs/heads/main refs/remotes/main [3ms]
2024-06-29 17:26:41.328 [info] > git status -z -uall [4ms]
2024-06-29 17:26:55.023 [info] > git config --get commit.template [21ms]
2024-06-29 17:26:55.029 [info] > git for-each-ref --format=%(refname)%00%(upstream:short)%00%(objectname)%00%(upstream:track)%00%(upstream:remotename)%00%(upstream:remoteref) refs/heads/main refs/remotes/main [7ms]
2024-06-29 17:26:55.059 [info] > git status -z -uall [13ms]
2024-06-29 17:27:31.024 [info] > git config --get commit.template [10ms]
2024-06-29 17:27:31.025 [info] > git for-each-ref --format=%(refname)%00%(upstream:short)%00%(objectname)%00%(upstream:track)%00%(upstream:remotename)%00%(upstream:remoteref) refs/heads/main refs/remotes/main [3ms]
2024-06-29 17:27:31.034 [info] > git status -z -uall [3ms]
2024-06-29 17:27:46.278 [info] > git config --get commit.template [22ms]
2024-06-29 17:27:46.284 [info] > git for-each-ref --format=%(refname)%00%(upstream:short)%00%(objectname)%00%(upstream:track)%00%(upstream:remotename)%00%(upstream:remoteref) refs/heads/main refs/remotes/main [9ms]
2024-06-29 17:27:46.324 [info] > git status -z -uall [19ms]
2024-06-29 17:27:51.354 [info] > git config --get commit.template [7ms]
2024-06-29 17:27:51.356 [info] > git for-each-ref --format=%(refname)%00%(upstream:short)%00%(objectname)%00%(upstream:track)%00%(upstream:remotename)%00%(upstream:remoteref) refs/heads/main refs/remotes/main [3ms]
2024-06-29 17:27:51.364 [info] > git status -z -uall [3ms]
2024-06-29 17:27:56.386 [info] > git config --get commit.template [6ms]
2024-06-29 17:27:56.388 [info] > git for-each-ref --format=%(refname)%00%(upstream:short)%00%(objectname)%00%(upstream:track)%00%(upstream:remotename)%00%(upstream:remoteref) refs/heads/main refs/remotes/main [3ms]
2024-06-29 17:27:56.399 [info] > git status -z -uall [4ms]
2024-06-29 17:28:01.601 [info] > git config --get commit.template [20ms]
2024-06-29 17:28:01.606 [info] > git for-each-ref --format=%(refname)%00%(upstream:short)%00%(objectname)%00%(upstream:track)%00%(upstream:remotename)%00%(upstream:remoteref) refs/heads/main refs/remotes/main [8ms]
2024-06-29 17:28:01.633 [info] > git status -z -uall [11ms]
2024-06-29 17:28:59.136 [info] > git config --get commit.template [6ms]
2024-06-29 17:28:59.137 [info] > git for-each-ref --format=%(refname)%00%(upstream:short)%00%(objectname)%00%(upstream:track)%00%(upstream:remotename)%00%(upstream:remoteref) refs/heads/main refs/remotes/main [2ms]
2024-06-29 17:28:59.147 [info] > git status -z -uall [4ms]
2024-06-29 17:29:42.328 [info] > git config --get commit.template [21ms]
2024-06-29 17:29:42.331 [info] > git for-each-ref --format=%(refname)%00%(upstream:short)%00%(objectname)%00%(upstream:track)%00%(upstream:remotename)%00%(upstream:remoteref) refs/heads/main refs/remotes/main [3ms]
2024-06-29 17:29:42.342 [info] > git status -z -uall [3ms]
2024-06-29 17:29:51.504 [info] > git config --get commit.template [22ms]
2024-06-29 17:29:51.508 [info] > git for-each-ref --format=%(refname)%00%(upstream:short)%00%(objectname)%00%(upstream:track)%00%(upstream:remotename)%00%(upstream:remoteref) refs/heads/main refs/remotes/main [8ms]
2024-06-29 17:29:51.535 [info] > git status -z -uall [10ms]
2024-06-29 17:30:06.013 [info] > git config --get commit.template [18ms]
2024-06-29 17:30:06.016 [info] > git for-each-ref --format=%(refname)%00%(upstream:short)%00%(objectname)%00%(upstream:track)%00%(upstream:remotename)%00%(upstream:remoteref) refs/heads/main refs/remotes/main [4ms]
2024-06-29 17:30:06.028 [info] > git status -z -uall [4ms]
2024-06-29 17:32:57.106 [info] > git config --get commit.template [20ms]
2024-06-29 17:32:57.112 [info] > git for-each-ref --format=%(refname)%00%(upstream:short)%00%(objectname)%00%(upstream:track)%00%(upstream:remotename)%00%(upstream:remoteref) refs/heads/main refs/remotes/main [8ms]
2024-06-29 17:32:57.149 [info] > git status -z -uall [16ms]
2024-06-29 17:33:51.109 [info] > git config --get commit.template [5ms]
2024-06-29 17:33:51.124 [info] > git for-each-ref --format=%(refname)%00%(upstream:short)%00%(objectname)%00%(upstream:track)%00%(upstream:remotename)%00%(upstream:remoteref) refs/heads/main refs/remotes/main [0ms]
2024-06-29 17:33:51.141 [info] > git status -z -uall [7ms]
2024-06-29 17:34:02.094 [info] > git show --textconv :test.sh [23ms]
2024-06-29 17:34:02.099 [info] > git ls-files --stage -- /home/voxi0/Desktop/ArchDots/test.sh [9ms]
2024-06-29 17:34:03.173 [info] > git show --textconv :install.sh [12ms]
2024-06-29 17:34:03.175 [info] > git ls-files --stage -- /home/voxi0/Desktop/ArchDots/install.sh [4ms]
2024-06-29 17:34:03.188 [info] > git cat-file -s 9400e43fdebb04a44792ac200a0c7dd76cd2e5f6 [4ms]
2024-06-29 17:34:04.163 [info] > git check-ignore -v -z --stdin [9ms]
2024-06-29 17:34:06.964 [info] > git config --get commit.template [8ms]
2024-06-29 17:34:06.989 [info] > git for-each-ref --format=%(refname)%00%(upstream:short)%00%(objectname)%00%(upstream:track)%00%(upstream:remotename)%00%(upstream:remoteref) refs/heads/main refs/remotes/main [4ms]
2024-06-29 17:34:07.004 [info] > git status -z -uall [5ms]
2024-06-29 17:34:48.308 [info] > git config --get commit.template [32ms]
2024-06-29 17:34:48.317 [info] > git for-each-ref --format=%(refname)%00%(upstream:short)%00%(objectname)%00%(upstream:track)%00%(upstream:remotename)%00%(upstream:remoteref) refs/heads/main refs/remotes/main [12ms]
2024-06-29 17:34:48.366 [info] > git status -z -uall [23ms]
2024-06-29 17:35:21.294 [info] > git config --get commit.template [22ms]
2024-06-29 17:35:21.300 [info] > git for-each-ref --format=%(refname)%00%(upstream:short)%00%(objectname)%00%(upstream:track)%00%(upstream:remotename)%00%(upstream:remoteref) refs/heads/main refs/remotes/main [8ms]
2024-06-29 17:35:21.328 [info] > git status -z -uall [10ms]
2024-06-29 17:35:49.141 [info] > git config --get commit.template [17ms]
2024-06-29 17:35:49.144 [info] > git for-each-ref --format=%(refname)%00%(upstream:short)%00%(objectname)%00%(upstream:track)%00%(upstream:remotename)%00%(upstream:remoteref) refs/heads/main refs/remotes/main [4ms]
2024-06-29 17:35:49.154 [info] > git status -z -uall [4ms]
2024-06-29 17:35:57.406 [info] > git config --get commit.template [22ms]
2024-06-29 17:35:57.408 [info] > git for-each-ref --format=%(refname)%00%(upstream:short)%00%(objectname)%00%(upstream:track)%00%(upstream:remotename)%00%(upstream:remoteref) refs/heads/main refs/remotes/main [4ms]
2024-06-29 17:35:57.422 [info] > git status -z -uall [6ms]
2024-06-29 17:36:15.474 [info] > git config --get commit.template [6ms]
2024-06-29 17:36:15.476 [info] > git for-each-ref --format=%(refname)%00%(upstream:short)%00%(objectname)%00%(upstream:track)%00%(upstream:remotename)%00%(upstream:remoteref) refs/heads/main refs/remotes/main [2ms]
2024-06-29 17:36:15.484 [info] > git status -z -uall [4ms]
2024-06-29 17:37:01.815 [info] > git config --get commit.template [23ms]
2024-06-29 17:37:01.820 [info] > git for-each-ref --format=%(refname)%00%(upstream:short)%00%(objectname)%00%(upstream:track)%00%(upstream:remotename)%00%(upstream:remoteref) refs/heads/main refs/remotes/main [8ms]
2024-06-29 17:37:01.848 [info] > git status -z -uall [10ms]
2024-06-29 17:37:28.292 [info] > git config --get commit.template [8ms]
2024-06-29 17:37:28.294 [info] > git for-each-ref --format=%(refname)%00%(upstream:short)%00%(objectname)%00%(upstream:track)%00%(upstream:remotename)%00%(upstream:remoteref) refs/heads/main refs/remotes/main [3ms]
2024-06-29 17:37:28.303 [info] > git status -z -uall [3ms]
2024-06-29 17:37:33.327 [info] > git config --get commit.template [10ms]
2024-06-29 17:37:33.329 [info] > git for-each-ref --format=%(refname)%00%(upstream:short)%00%(objectname)%00%(upstream:track)%00%(upstream:remotename)%00%(upstream:remoteref) refs/heads/main refs/remotes/main [3ms]
2024-06-29 17:37:33.338 [info] > git status -z -uall [4ms]
2024-06-29 17:39:34.812 [info] > git config --get commit.template [31ms]
2024-06-29 17:39:34.818 [info] > git for-each-ref --format=%(refname)%00%(upstream:short)%00%(objectname)%00%(upstream:track)%00%(upstream:remotename)%00%(upstream:remoteref) refs/heads/main refs/remotes/main [10ms]
2024-06-29 17:39:34.851 [info] > git status -z -uall [11ms]
2024-06-29 17:39:39.876 [info] > git config --get commit.template [10ms]
2024-06-29 17:39:39.877 [info] > git for-each-ref --format=%(refname)%00%(upstream:short)%00%(objectname)%00%(upstream:track)%00%(upstream:remotename)%00%(upstream:remoteref) refs/heads/main refs/remotes/main [2ms]
2024-06-29 17:39:39.886 [info] > git status -z -uall [3ms]
2024-06-29 17:40:09.069 [info] > git config --get commit.template [10ms]
2024-06-29 17:40:09.071 [info] > git for-each-ref --format=%(refname)%00%(upstream:short)%00%(objectname)%00%(upstream:track)%00%(upstream:remotename)%00%(upstream:remoteref) refs/heads/main refs/remotes/main [4ms]
2024-06-29 17:40:09.086 [info] > git status -z -uall [5ms]
2024-06-29 17:40:17.002 [info] > git config --get commit.template [20ms]
2024-06-29 17:40:17.005 [info] > git for-each-ref --format=%(refname)%00%(upstream:short)%00%(objectname)%00%(upstream:track)%00%(upstream:remotename)%00%(upstream:remoteref) refs/heads/main refs/remotes/main [2ms]
2024-06-29 17:40:17.016 [info] > git status -z -uall [4ms]
2024-06-29 17:40:30.768 [info] > git config --get commit.template [23ms]
2024-06-29 17:40:30.776 [info] > git for-each-ref --format=%(refname)%00%(upstream:short)%00%(objectname)%00%(upstream:track)%00%(upstream:remotename)%00%(upstream:remoteref) refs/heads/main refs/remotes/main [11ms]
2024-06-29 17:40:30.793 [info] > git status -z -uall [7ms]
2024-06-29 17:41:43.978 [info] > git config --get commit.template [9ms]
2024-06-29 17:41:43.980 [info] > git for-each-ref --format=%(refname)%00%(upstream:short)%00%(objectname)%00%(upstream:track)%00%(upstream:remotename)%00%(upstream:remoteref) refs/heads/main refs/remotes/main [4ms]
2024-06-29 17:41:43.989 [info] > git status -z -uall [3ms]
2024-06-29 17:43:52.386 [info] > git config --get commit.template [9ms]
2024-06-29 17:43:52.416 [info] > git for-each-ref --format=%(refname)%00%(upstream:short)%00%(objectname)%00%(upstream:track)%00%(upstream:remotename)%00%(upstream:remoteref) refs/heads/main refs/remotes/main [4ms]
2024-06-29 17:43:52.429 [info] > git status -z -uall [2ms]
2024-06-29 17:44:29.386 [info] > git config --get commit.template [21ms]
2024-06-29 17:44:29.391 [info] > git for-each-ref --format=%(refname)%00%(upstream:short)%00%(objectname)%00%(upstream:track)%00%(upstream:remotename)%00%(upstream:remoteref) refs/heads/main refs/remotes/main [8ms]
2024-06-29 17:44:29.411 [info] > git status -z -uall [6ms]
2024-06-29 17:44:41.603 [info] > git config --get commit.template [12ms]
2024-06-29 17:44:41.605 [info] > git for-each-ref --format=%(refname)%00%(upstream:short)%00%(objectname)%00%(upstream:track)%00%(upstream:remotename)%00%(upstream:remoteref) refs/heads/main refs/remotes/main [3ms]
2024-06-29 17:44:41.618 [info] > git status -z -uall [4ms]
2024-06-29 17:44:46.665 [info] > git config --get commit.template [21ms]
2024-06-29 17:44:46.671 [info] > git for-each-ref --format=%(refname)%00%(upstream:short)%00%(objectname)%00%(upstream:track)%00%(upstream:remotename)%00%(upstream:remoteref) refs/heads/main refs/remotes/main [9ms]
2024-06-29 17:44:46.691 [info] > git status -z -uall [8ms]
2024-06-29 17:44:55.092 [info] > git config --get commit.template [23ms]
2024-06-29 17:44:55.097 [info] > git for-each-ref --format=%(refname)%00%(upstream:short)%00%(objectname)%00%(upstream:track)%00%(upstream:remotename)%00%(upstream:remoteref) refs/heads/main refs/remotes/main [9ms]
2024-06-29 17:44:55.114 [info] > git status -z -uall [5ms]
2024-06-29 17:45:30.238 [info] > git config --get commit.template [28ms]
2024-06-29 17:45:30.241 [info] > git for-each-ref --format=%(refname)%00%(upstream:short)%00%(objectname)%00%(upstream:track)%00%(upstream:remotename)%00%(upstream:remoteref) refs/heads/main refs/remotes/main [9ms]
2024-06-29 17:45:30.273 [info] > git status -z -uall [11ms]
2024-06-29 17:45:35.321 [info] > git config --get commit.template [21ms]
2024-06-29 17:45:35.327 [info] > git for-each-ref --format=%(refname)%00%(upstream:short)%00%(objectname)%00%(upstream:track)%00%(upstream:remotename)%00%(upstream:remoteref) refs/heads/main refs/remotes/main [8ms]
2024-06-29 17:45:35.353 [info] > git status -z -uall [9ms]
2024-06-29 17:45:42.857 [info] > git config --get commit.template [23ms]
2024-06-29 17:45:42.864 [info] > git for-each-ref --format=%(refname)%00%(upstream:short)%00%(objectname)%00%(upstream:track)%00%(upstream:remotename)%00%(upstream:remoteref) refs/heads/main refs/remotes/main [10ms]
2024-06-29 17:45:42.880 [info] > git status -z -uall [6ms]
2024-06-29 17:45:48.140 [info] > git config --get commit.template [24ms]
2024-06-29 17:45:48.143 [info] > git for-each-ref --format=%(refname)%00%(upstream:short)%00%(objectname)%00%(upstream:track)%00%(upstream:remotename)%00%(upstream:remoteref) refs/heads/main refs/remotes/main [7ms]
2024-06-29 17:45:48.161 [info] > git status -z -uall [6ms]
2024-06-29 17:45:58.679 [info] > git config --get commit.template [22ms]
2024-06-29 17:45:58.682 [info] > git for-each-ref --format=%(refname)%00%(upstream:short)%00%(objectname)%00%(upstream:track)%00%(upstream:remotename)%00%(upstream:remoteref) refs/heads/main refs/remotes/main [6ms]
2024-06-29 17:45:58.694 [info] > git status -z -uall [4ms]
2024-06-29 17:46:04.306 [info] > git config --get commit.template [33ms]
2024-06-29 17:46:04.315 [info] > git for-each-ref --format=%(refname)%00%(upstream:short)%00%(objectname)%00%(upstream:track)%00%(upstream:remotename)%00%(upstream:remoteref) refs/heads/main refs/remotes/main [12ms]
2024-06-29 17:46:04.333 [info] > git status -z -uall [7ms]
2024-06-29 17:46:26.774 [info] > git config --get commit.template [6ms]
2024-06-29 17:46:26.789 [info] > git for-each-ref --format=%(refname)%00%(upstream:short)%00%(objectname)%00%(upstream:track)%00%(upstream:remotename)%00%(upstream:remoteref) refs/heads/main refs/remotes/main [2ms]
2024-06-29 17:46:26.809 [info] > git status -z -uall [7ms]
2024-06-29 17:47:05.256 [info] > git config --get commit.template [28ms]
2024-06-29 17:47:05.263 [info] > git for-each-ref --format=%(refname)%00%(upstream:short)%00%(objectname)%00%(upstream:track)%00%(upstream:remotename)%00%(upstream:remoteref) refs/heads/main refs/remotes/main [10ms]
2024-06-29 17:47:05.290 [info] > git status -z -uall [9ms]
2024-06-29 17:47:28.316 [info] > git config --get commit.template [38ms]
2024-06-29 17:47:28.330 [info] > git for-each-ref --format=%(refname)%00%(upstream:short)%00%(objectname)%00%(upstream:track)%00%(upstream:remotename)%00%(upstream:remoteref) refs/heads/main refs/remotes/main [18ms]
2024-06-29 17:47:28.368 [info] > git status -z -uall [12ms]
2024-06-29 17:47:33.411 [info] > git config --get commit.template [18ms]
2024-06-29 17:47:33.416 [info] > git for-each-ref --format=%(refname)%00%(upstream:short)%00%(objectname)%00%(upstream:track)%00%(upstream:remotename)%00%(upstream:remoteref) refs/heads/main refs/remotes/main [6ms]
2024-06-29 17:47:33.438 [info] > git status -z -uall [9ms]
2024-06-29 17:47:50.801 [info] > git config --get commit.template [27ms]
2024-06-29 17:47:50.804 [info] > git for-each-ref --format=%(refname)%00%(upstream:short)%00%(objectname)%00%(upstream:track)%00%(upstream:remotename)%00%(upstream:remoteref) refs/heads/main refs/remotes/main [6ms]
2024-06-29 17:47:50.816 [info] > git status -z -uall [4ms]
2024-06-29 17:48:42.587 [info] > git config --get commit.template [6ms]
2024-06-29 17:48:42.588 [info] > git for-each-ref --format=%(refname)%00%(upstream:short)%00%(objectname)%00%(upstream:track)%00%(upstream:remotename)%00%(upstream:remoteref) refs/heads/main refs/remotes/main [3ms]
2024-06-29 17:48:42.598 [info] > git status -z -uall [4ms]
2024-06-29 17:50:05.783 [info] > git config --get commit.template [16ms]
2024-06-29 17:50:05.785 [info] > git for-each-ref --format=%(refname)%00%(upstream:short)%00%(objectname)%00%(upstream:track)%00%(upstream:remotename)%00%(upstream:remoteref) refs/heads/main refs/remotes/main [4ms]
2024-06-29 17:50:05.800 [info] > git status -z -uall [5ms]
2024-06-29 17:50:29.658 [info] > git config --get commit.template [3ms]
2024-06-29 17:50:29.666 [info] > git for-each-ref --format=%(refname)%00%(upstream:short)%00%(objectname)%00%(upstream:track)%00%(upstream:remotename)%00%(upstream:remoteref) refs/heads/main refs/remotes/main [3ms]
2024-06-29 17:50:29.677 [info] > git status -z -uall [4ms]
2024-06-29 17:51:32.171 [info] > git config --get commit.template [9ms]
2024-06-29 17:51:32.173 [info] > git for-each-ref --format=%(refname)%00%(upstream:short)%00%(objectname)%00%(upstream:track)%00%(upstream:remotename)%00%(upstream:remoteref) refs/heads/main refs/remotes/main [3ms]
2024-06-29 17:51:32.185 [info] > git status -z -uall [4ms]
2024-06-29 17:52:45.233 [info] > git config --get commit.template [11ms]
2024-06-29 17:52:45.235 [info] > git for-each-ref --format=%(refname)%00%(upstream:short)%00%(objectname)%00%(upstream:track)%00%(upstream:remotename)%00%(upstream:remoteref) refs/heads/main refs/remotes/main [3ms]
2024-06-29 17:52:45.247 [info] > git status -z -uall [4ms]
2024-06-29 17:52:50.855 [info] > git config --get commit.template [21ms]
2024-06-29 17:52:50.859 [info] > git for-each-ref --format=%(refname)%00%(upstream:short)%00%(objectname)%00%(upstream:track)%00%(upstream:remotename)%00%(upstream:remoteref) refs/heads/main refs/remotes/main [7ms]
2024-06-29 17:52:50.874 [info] > git status -z -uall [4ms]
2024-06-29 17:53:24.784 [info] > git config --get commit.template [9ms]
2024-06-29 17:53:24.785 [info] > git for-each-ref --format=%(refname)%00%(upstream:short)%00%(objectname)%00%(upstream:track)%00%(upstream:remotename)%00%(upstream:remoteref) refs/heads/main refs/remotes/main [2ms]
2024-06-29 17:53:24.796 [info] > git status -z -uall [6ms]
2024-06-29 17:53:29.845 [info] > git config --get commit.template [21ms]
2024-06-29 17:53:29.851 [info] > git for-each-ref --format=%(refname)%00%(upstream:short)%00%(objectname)%00%(upstream:track)%00%(upstream:remotename)%00%(upstream:remoteref) refs/heads/main refs/remotes/main [8ms]
2024-06-29 17:53:29.880 [info] > git status -z -uall [12ms]
2024-06-29 17:53:40.360 [info] > git config --get commit.template [21ms]
2024-06-29 17:53:40.365 [info] > git for-each-ref --format=%(refname)%00%(upstream:short)%00%(objectname)%00%(upstream:track)%00%(upstream:remotename)%00%(upstream:remoteref) refs/heads/main refs/remotes/main [8ms]
2024-06-29 17:53:40.393 [info] > git status -z -uall [11ms]
2024-06-29 17:53:52.672 [info] > git config --get commit.template [14ms]
2024-06-29 17:53:52.673 [info] > git for-each-ref --format=%(refname)%00%(upstream:short)%00%(objectname)%00%(upstream:track)%00%(upstream:remotename)%00%(upstream:remoteref) refs/heads/main refs/remotes/main [2ms]
2024-06-29 17:53:52.687 [info] > git status -z -uall [5ms]
2024-06-29 17:53:58.918 [info] > git config --get commit.template [13ms]
2024-06-29 17:53:58.921 [info] > git for-each-ref --format=%(refname)%00%(upstream:short)%00%(objectname)%00%(upstream:track)%00%(upstream:remotename)%00%(upstream:remoteref) refs/heads/main refs/remotes/main [4ms]
2024-06-29 17:53:58.933 [info] > git status -z -uall [4ms]
2024-06-29 17:54:07.981 [info] > git config --get commit.template [12ms]
2024-06-29 17:54:07.984 [info] > git for-each-ref --format=%(refname)%00%(upstream:short)%00%(objectname)%00%(upstream:track)%00%(upstream:remotename)%00%(upstream:remoteref) refs/heads/main refs/remotes/main [5ms]
2024-06-29 17:54:07.995 [info] > git status -z -uall [4ms]
2024-06-29 17:54:29.931 [info] > git config --get commit.template [6ms]
2024-06-29 17:54:29.939 [info] > git for-each-ref --format=%(refname)%00%(upstream:short)%00%(objectname)%00%(upstream:track)%00%(upstream:remotename)%00%(upstream:remoteref) refs/heads/main refs/remotes/main [3ms]
2024-06-29 17:54:29.946 [info] > git status -z -uall [3ms]
2024-06-29 17:54:36.404 [info] > git config --get commit.template [30ms]
2024-06-29 17:54:36.410 [info] > git for-each-ref --format=%(refname)%00%(upstream:short)%00%(objectname)%00%(upstream:track)%00%(upstream:remotename)%00%(upstream:remoteref) refs/heads/main refs/remotes/main [7ms]
2024-06-29 17:54:36.426 [info] > git status -z -uall [5ms]
2024-06-29 17:55:27.915 [info] > git config --get commit.template [9ms]
2024-06-29 17:55:27.917 [info] > git for-each-ref --format=%(refname)%00%(upstream:short)%00%(objectname)%00%(upstream:track)%00%(upstream:remotename)%00%(upstream:remoteref) refs/heads/main refs/remotes/main [3ms]
2024-06-29 17:55:27.926 [info] > git status -z -uall [4ms]
2024-06-29 17:55:33.132 [info] > git config --get commit.template [23ms]
2024-06-29 17:55:33.135 [info] > git for-each-ref --format=%(refname)%00%(upstream:short)%00%(objectname)%00%(upstream:track)%00%(upstream:remotename)%00%(upstream:remoteref) refs/heads/main refs/remotes/main [4ms]
2024-06-29 17:55:33.146 [info] > git status -z -uall [5ms]
2024-06-29 19:11:02.554 [info] > git config --get commit.template [14ms]
2024-06-29 19:11:02.559 [info] > git for-each-ref --format=%(refname)%00%(upstream:short)%00%(objectname)%00%(upstream:track)%00%(upstream:remotename)%00%(upstream:remoteref) refs/heads/main refs/remotes/main [6ms]
2024-06-29 19:11:02.579 [info] > git status -z -uall [8ms]
2024-06-29 19:11:07.602 [info] > git config --get commit.template [9ms]
2024-06-29 19:11:07.604 [info] > git for-each-ref --format=%(refname)%00%(upstream:short)%00%(objectname)%00%(upstream:track)%00%(upstream:remotename)%00%(upstream:remoteref) refs/heads/main refs/remotes/main [3ms]
2024-06-29 19:11:07.618 [info] > git status -z -uall [6ms]
2024-06-29 19:15:03.912 [info] > git config --get commit.template [14ms]
2024-06-29 19:15:03.916 [info] > git for-each-ref --format=%(refname)%00%(upstream:short)%00%(objectname)%00%(upstream:track)%00%(upstream:remotename)%00%(upstream:remoteref) refs/heads/main refs/remotes/main [6ms]
2024-06-29 19:15:03.939 [info] > git status -z -uall [10ms]
2024-06-29 19:15:51.091 [info] > git config --get commit.template [26ms]
2024-06-29 19:15:51.096 [info] > git for-each-ref --format=%(refname)%00%(upstream:short)%00%(objectname)%00%(upstream:track)%00%(upstream:remotename)%00%(upstream:remoteref) refs/heads/main refs/remotes/main [10ms]
2024-06-29 19:15:51.117 [info] > git status -z -uall [6ms]
2024-06-29 19:16:55.258 [info] > git config --get commit.template [24ms]
2024-06-29 19:16:55.262 [info] > git for-each-ref --format=%(refname)%00%(upstream:short)%00%(objectname)%00%(upstream:track)%00%(upstream:remotename)%00%(upstream:remoteref) refs/heads/main refs/remotes/main [6ms]
2024-06-29 19:16:55.276 [info] > git status -z -uall [6ms]
2024-06-29 19:17:01.979 [info] > git config --get commit.template [23ms]
2024-06-29 19:17:01.986 [info] > git for-each-ref --format=%(refname)%00%(upstream:short)%00%(objectname)%00%(upstream:track)%00%(upstream:remotename)%00%(upstream:remoteref) refs/heads/main refs/remotes/main [11ms]
2024-06-29 19:17:02.026 [info] > git status -z -uall [16ms]
2024-06-29 19:17:19.967 [info] > git config --get commit.template [6ms]
2024-06-29 19:17:19.968 [info] > git for-each-ref --format=%(refname)%00%(upstream:short)%00%(objectname)%00%(upstream:track)%00%(upstream:remotename)%00%(upstream:remoteref) refs/heads/main refs/remotes/main [2ms]
2024-06-29 19:17:19.975 [info] > git status -z -uall [3ms]
2024-06-29 19:17:25.031 [info] > git config --get commit.template [32ms]
2024-06-29 19:17:25.042 [info] > git for-each-ref --format=%(refname)%00%(upstream:short)%00%(objectname)%00%(upstream:track)%00%(upstream:remotename)%00%(upstream:remoteref) refs/heads/main refs/remotes/main [13ms]
2024-06-29 19:17:25.078 [info] > git status -z -uall [13ms]
2024-06-29 19:17:34.344 [info] > git config --get commit.template [6ms]
2024-06-29 19:17:34.345 [info] > git for-each-ref --format=%(refname)%00%(upstream:short)%00%(objectname)%00%(upstream:track)%00%(upstream:remotename)%00%(upstream:remoteref) refs/heads/main refs/remotes/main [2ms]
2024-06-29 19:17:34.353 [info] > git status -z -uall [3ms]
2024-06-29 19:18:12.405 [info] > git config --get commit.template [13ms]
2024-06-29 19:18:12.408 [info] > git for-each-ref --format=%(refname)%00%(upstream:short)%00%(objectname)%00%(upstream:track)%00%(upstream:remotename)%00%(upstream:remoteref) refs/heads/main refs/remotes/main [4ms]
2024-06-29 19:18:12.423 [info] > git status -z -uall [5ms]
2024-06-29 19:18:33.324 [info] > git config --get commit.template [19ms]
2024-06-29 19:18:33.329 [info] > git for-each-ref --format=%(refname)%00%(upstream:short)%00%(objectname)%00%(upstream:track)%00%(upstream:remotename)%00%(upstream:remoteref) refs/heads/main refs/remotes/main [8ms]
2024-06-29 19:18:33.358 [info] > git status -z -uall [12ms]
2024-06-29 19:19:54.672 [info] > git config --get commit.template [16ms]
2024-06-29 19:19:54.676 [info] > git for-each-ref --format=%(refname)%00%(upstream:short)%00%(objectname)%00%(upstream:track)%00%(upstream:remotename)%00%(upstream:remoteref) refs/heads/main refs/remotes/main [6ms]
2024-06-29 19:19:54.699 [info] > git status -z -uall [8ms]
2024-06-29 19:20:35.164 [info] > git config --get commit.template [29ms]
2024-06-29 19:20:35.171 [info] > git for-each-ref --format=%(refname)%00%(upstream:short)%00%(objectname)%00%(upstream:track)%00%(upstream:remotename)%00%(upstream:remoteref) refs/heads/main refs/remotes/main [8ms]
2024-06-29 19:20:35.188 [info] > git status -z -uall [7ms]
2024-06-29 19:20:56.988 [info] > git config --get commit.template [5ms]
2024-06-29 19:20:56.992 [info] > git for-each-ref --format=%(refname)%00%(upstream:short)%00%(objectname)%00%(upstream:track)%00%(upstream:remotename)%00%(upstream:remoteref) refs/heads/main refs/remotes/main [5ms]
2024-06-29 19:20:57.009 [info] > git status -z -uall [8ms]
2024-06-29 19:22:29.900 [info] > git config --get commit.template [2ms]
2024-06-29 19:22:29.912 [info] > git for-each-ref --format=%(refname)%00%(upstream:short)%00%(objectname)%00%(upstream:track)%00%(upstream:remotename)%00%(upstream:remoteref) refs/heads/main refs/remotes/main [5ms]
2024-06-29 19:22:29.933 [info] > git status -z -uall [11ms]
2024-06-29 19:22:36.288 [info] > git config --get commit.template [15ms]
2024-06-29 19:22:36.290 [info] > git for-each-ref --format=%(refname)%00%(upstream:short)%00%(objectname)%00%(upstream:track)%00%(upstream:remotename)%00%(upstream:remoteref) refs/heads/main refs/remotes/main [4ms]
2024-06-29 19:22:36.300 [info] > git status -z -uall [4ms]
2024-06-29 19:22:53.922 [info] > git config --get commit.template [17ms]
2024-06-29 19:22:53.925 [info] > git for-each-ref --format=%(refname)%00%(upstream:short)%00%(objectname)%00%(upstream:track)%00%(upstream:remotename)%00%(upstream:remoteref) refs/heads/main refs/remotes/main [6ms]
2024-06-29 19:22:53.937 [info] > git status -z -uall [4ms]
2024-06-29 19:22:58.984 [info] > git config --get commit.template [20ms]
2024-06-29 19:22:58.989 [info] > git for-each-ref --format=%(refname)%00%(upstream:short)%00%(objectname)%00%(upstream:track)%00%(upstream:remotename)%00%(upstream:remoteref) refs/heads/main refs/remotes/main [8ms]
2024-06-29 19:22:59.001 [info] > git status -z -uall [4ms]
2024-06-29 19:23:35.670 [info] > git config --get commit.template [19ms]
2024-06-29 19:23:35.675 [info] > git for-each-ref --format=%(refname)%00%(upstream:short)%00%(objectname)%00%(upstream:track)%00%(upstream:remotename)%00%(upstream:remoteref) refs/heads/main refs/remotes/main [7ms]
2024-06-29 19:23:35.690 [info] > git status -z -uall [6ms]
2024-06-29 19:24:20.851 [info] > git config --get commit.template [17ms]
2024-06-29 19:24:20.856 [info] > git for-each-ref --format=%(refname)%00%(upstream:short)%00%(objectname)%00%(upstream:track)%00%(upstream:remotename)%00%(upstream:remoteref) refs/heads/main refs/remotes/main [6ms]
2024-06-29 19:24:20.883 [info] > git status -z -uall [12ms]
2024-06-29 19:24:25.922 [info] > git config --get commit.template [19ms]
2024-06-29 19:24:25.924 [info] > git for-each-ref --format=%(refname)%00%(upstream:short)%00%(objectname)%00%(upstream:track)%00%(upstream:remotename)%00%(upstream:remoteref) refs/heads/main refs/remotes/main [5ms]
2024-06-29 19:24:25.934 [info] > git status -z -uall [4ms]
2024-06-29 19:25:14.843 [info] > git config --get commit.template [10ms]
2024-06-29 19:25:14.846 [info] > git for-each-ref --format=%(refname)%00%(upstream:short)%00%(objectname)%00%(upstream:track)%00%(upstream:remotename)%00%(upstream:remoteref) refs/heads/main refs/remotes/main [5ms]
2024-06-29 19:25:14.856 [info] > git status -z -uall [4ms]
2024-06-29 19:25:33.801 [info] > git config --get commit.template [26ms]
2024-06-29 19:25:33.806 [info] > git for-each-ref --format=%(refname)%00%(upstream:short)%00%(objectname)%00%(upstream:track)%00%(upstream:remotename)%00%(upstream:remoteref) refs/heads/main refs/remotes/main [7ms]
2024-06-29 19:25:33.819 [info] > git status -z -uall [5ms]
2024-06-29 19:25:43.926 [info] > git config --get commit.template [7ms]
2024-06-29 19:25:43.927 [info] > git for-each-ref --format=%(refname)%00%(upstream:short)%00%(objectname)%00%(upstream:track)%00%(upstream:remotename)%00%(upstream:remoteref) refs/heads/main refs/remotes/main [2ms]
2024-06-29 19:25:43.937 [info] > git status -z -uall [4ms]
2024-06-29 19:25:53.454 [info] > git config --get commit.template [24ms]
2024-06-29 19:25:53.460 [info] > git for-each-ref --format=%(refname)%00%(upstream:short)%00%(objectname)%00%(upstream:track)%00%(upstream:remotename)%00%(upstream:remoteref) refs/heads/main refs/remotes/main [9ms]
2024-06-29 19:25:53.493 [info] > git status -z -uall [16ms]
2024-06-29 19:25:58.543 [info] > git config --get commit.template [22ms]
2024-06-29 19:25:58.550 [info] > git for-each-ref --format=%(refname)%00%(upstream:short)%00%(objectname)%00%(upstream:track)%00%(upstream:remotename)%00%(upstream:remoteref) refs/heads/main refs/remotes/main [10ms]
2024-06-29 19:25:58.576 [info] > git status -z -uall [9ms]
2024-06-29 19:26:50.971 [info] > git config --get commit.template [28ms]
2024-06-29 19:26:50.979 [info] > git for-each-ref --format=%(refname)%00%(upstream:short)%00%(objectname)%00%(upstream:track)%00%(upstream:remotename)%00%(upstream:remoteref) refs/heads/main refs/remotes/main [13ms]
2024-06-29 19:26:51.017 [info] > git status -z -uall [16ms]
2024-06-29 19:27:13.636 [info] > git config --get commit.template [9ms]
2024-06-29 19:27:13.637 [info] > git for-each-ref --format=%(refname)%00%(upstream:short)%00%(objectname)%00%(upstream:track)%00%(upstream:remotename)%00%(upstream:remoteref) refs/heads/main refs/remotes/main [2ms]
2024-06-29 19:27:13.647 [info] > git status -z -uall [4ms]
2024-06-29 19:27:18.702 [info] > git config --get commit.template [25ms]
2024-06-29 19:27:18.705 [info] > git for-each-ref --format=%(refname)%00%(upstream:short)%00%(objectname)%00%(upstream:track)%00%(upstream:remotename)%00%(upstream:remoteref) refs/heads/main refs/remotes/main [6ms]
2024-06-29 19:27:18.720 [info] > git status -z -uall [5ms]
2024-06-29 19:27:29.797 [info] > git config --get commit.template [7ms]
2024-06-29 19:27:29.799 [info] > git for-each-ref --format=%(refname)%00%(upstream:short)%00%(objectname)%00%(upstream:track)%00%(upstream:remotename)%00%(upstream:remoteref) refs/heads/main refs/remotes/main [3ms]
2024-06-29 19:27:29.808 [info] > git status -z -uall [4ms]
2024-06-29 19:27:45.342 [info] > git config --get commit.template [5ms]
2024-06-29 19:27:45.343 [info] > git for-each-ref --format=%(refname)%00%(upstream:short)%00%(objectname)%00%(upstream:track)%00%(upstream:remotename)%00%(upstream:remoteref) refs/heads/main refs/remotes/main [3ms]
2024-06-29 19:27:45.351 [info] > git status -z -uall [3ms]
2024-06-29 19:27:54.948 [info] > git config --get commit.template [9ms]
2024-06-29 19:27:54.950 [info] > git for-each-ref --format=%(refname)%00%(upstream:short)%00%(objectname)%00%(upstream:track)%00%(upstream:remotename)%00%(upstream:remoteref) refs/heads/main refs/remotes/main [3ms]
2024-06-29 19:27:54.961 [info] > git status -z -uall [5ms]
2024-06-29 19:28:17.462 [info] > git config --get commit.template [20ms]
2024-06-29 19:28:17.466 [info] > git for-each-ref --format=%(refname)%00%(upstream:short)%00%(objectname)%00%(upstream:track)%00%(upstream:remotename)%00%(upstream:remoteref) refs/heads/main refs/remotes/main [8ms]
2024-06-29 19:28:17.482 [info] > git status -z -uall [6ms]
2024-06-29 19:28:30.429 [info] > git config --get commit.template [6ms]
2024-06-29 19:28:30.430 [info] > git for-each-ref --format=%(refname)%00%(upstream:short)%00%(objectname)%00%(upstream:track)%00%(upstream:remotename)%00%(upstream:remoteref) refs/heads/main refs/remotes/main [2ms]
2024-06-29 19:28:30.438 [info] > git status -z -uall [3ms]
2024-06-29 19:29:27.385 [info] > git config --get commit.template [6ms]
2024-06-29 19:29:27.386 [info] > git for-each-ref --format=%(refname)%00%(upstream:short)%00%(objectname)%00%(upstream:track)%00%(upstream:remotename)%00%(upstream:remoteref) refs/heads/main refs/remotes/main [2ms]
2024-06-29 19:29:27.395 [info] > git status -z -uall [4ms]
2024-06-29 19:29:40.543 [info] > git config --get commit.template [8ms]
2024-06-29 19:29:40.545 [info] > git for-each-ref --format=%(refname)%00%(upstream:short)%00%(objectname)%00%(upstream:track)%00%(upstream:remotename)%00%(upstream:remoteref) refs/heads/main refs/remotes/main [3ms]
2024-06-29 19:29:40.554 [info] > git status -z -uall [3ms]
2024-06-29 19:31:10.768 [info] > git config --get commit.template [5ms]
2024-06-29 19:31:10.770 [info] > git for-each-ref --format=%(refname)%00%(upstream:short)%00%(objectname)%00%(upstream:track)%00%(upstream:remotename)%00%(upstream:remoteref) refs/heads/main refs/remotes/main [1ms]
2024-06-29 19:31:10.777 [info] > git status -z -uall [3ms]
2024-06-29 19:31:15.791 [info] > git config --get commit.template [6ms]
2024-06-29 19:31:15.792 [info] > git for-each-ref --format=%(refname)%00%(upstream:short)%00%(objectname)%00%(upstream:track)%00%(upstream:remotename)%00%(upstream:remoteref) refs/heads/main refs/remotes/main [2ms]
2024-06-29 19:31:15.802 [info] > git status -z -uall [3ms]
2024-06-29 19:31:51.598 [info] > git check-ignore -v -z --stdin [5ms]
2024-06-29 19:31:54.349 [info] > git check-ignore -v -z --stdin [2ms]
2024-06-29 19:31:58.126 [info] > git check-ignore -v -z --stdin [5ms]
2024-06-29 19:31:59.134 [info] > git check-ignore -v -z --stdin [9ms]
2024-06-29 19:32:00.446 [info] > git check-ignore -v -z --stdin [8ms]
2024-06-29 19:32:03.015 [info] > git check-ignore -v -z --stdin [8ms]
2024-06-29 19:32:04.431 [info] > git show --textconv :grub [11ms]
2024-06-29 19:32:04.432 [info] > git ls-files --stage -- /home/voxi0/Desktop/ArchDots/grub [2ms]
2024-06-29 19:32:04.439 [info] > git cat-file -s ca10f2aac55a8205005c2f90e8af47dbd4b56bb9 [2ms]
2024-06-29 19:32:06.704 [info] > git show --textconv :install.sh [14ms]
2024-06-29 19:32:06.708 [info] > git ls-files --stage -- /home/voxi0/Desktop/ArchDots/install.sh [5ms]
2024-06-29 19:32:06.716 [info] > git cat-file -s 9400e43fdebb04a44792ac200a0c7dd76cd2e5f6 [3ms]
2024-06-29 19:32:13.017 [info] > git check-ignore -v -z --stdin [6ms]
2024-06-29 19:32:13.574 [info] > git config --get commit.template [21ms]
2024-06-29 19:32:13.578 [info] > git for-each-ref --format=%(refname)%00%(upstream:short)%00%(objectname)%00%(upstream:track)%00%(upstream:remotename)%00%(upstream:remoteref) refs/heads/main refs/remotes/main [6ms]
2024-06-29 19:32:13.600 [info] > git status -z -uall [7ms]
2024-06-29 19:32:17.143 [info] > git check-ignore -v -z --stdin [6ms]
2024-06-29 19:32:18.641 [info] > git config --get commit.template [17ms]
2024-06-29 19:32:18.645 [info] > git for-each-ref --format=%(refname)%00%(upstream:short)%00%(objectname)%00%(upstream:track)%00%(upstream:remotename)%00%(upstream:remoteref) refs/heads/main refs/remotes/main [7ms]
2024-06-29 19:32:18.658 [info] > git status -z -uall [4ms]
2024-06-29 19:32:21.259 [info] > git check-ignore -v -z --stdin [3ms]
2024-06-29 19:32:23.678 [info] > git config --get commit.template [8ms]
2024-06-29 19:32:23.679 [info] > git for-each-ref --format=%(refname)%00%(upstream:short)%00%(objectname)%00%(upstream:track)%00%(upstream:remotename)%00%(upstream:remoteref) refs/heads/main refs/remotes/main [3ms]
2024-06-29 19:32:23.688 [info] > git status -z -uall [4ms]
2024-06-29 19:32:24.228 [info] > git check-ignore -v -z --stdin [10ms]
2024-06-29 19:32:28.711 [info] > git config --get commit.template [6ms]
2024-06-29 19:32:28.713 [info] > git for-each-ref --format=%(refname)%00%(upstream:short)%00%(objectname)%00%(upstream:track)%00%(upstream:remotename)%00%(upstream:remoteref) refs/heads/main refs/remotes/main [3ms]
2024-06-29 19:32:28.723 [info] > git status -z -uall [5ms]
2024-06-29 19:32:33.736 [info] > git config --get commit.template [3ms]
2024-06-29 19:32:33.742 [info] > git for-each-ref --format=%(refname)%00%(upstream:short)%00%(objectname)%00%(upstream:track)%00%(upstream:remotename)%00%(upstream:remoteref) refs/heads/main refs/remotes/main [1ms]
2024-06-29 19:32:33.750 [info] > git status -z -uall [2ms]
2024-06-29 19:34:04.000 [info] > git config --get commit.template [15ms]
2024-06-29 19:34:04.004 [info] > git for-each-ref --format=%(refname)%00%(upstream:short)%00%(objectname)%00%(upstream:track)%00%(upstream:remotename)%00%(upstream:remoteref) refs/heads/main refs/remotes/main [7ms]
2024-06-29 19:34:04.017 [info] > git status -z -uall [5ms]
2024-06-29 19:34:17.092 [info] > git config --get commit.template [16ms]
2024-06-29 19:34:17.096 [info] > git for-each-ref --format=%(refname)%00%(upstream:short)%00%(objectname)%00%(upstream:track)%00%(upstream:remotename)%00%(upstream:remoteref) refs/heads/main refs/remotes/main [6ms]
2024-06-29 19:34:17.118 [info] > git status -z -uall [9ms]
2024-06-29 19:34:22.135 [info] > git config --get commit.template [6ms]
2024-06-29 19:34:22.137 [info] > git for-each-ref --format=%(refname)%00%(upstream:short)%00%(objectname)%00%(upstream:track)%00%(upstream:remotename)%00%(upstream:remoteref) refs/heads/main refs/remotes/main [3ms]
2024-06-29 19:34:22.145 [info] > git status -z -uall [3ms]
2024-06-29 19:34:38.787 [info] > git config --get commit.template [22ms]
2024-06-29 19:34:38.793 [info] > git for-each-ref --format=%(refname)%00%(upstream:short)%00%(objectname)%00%(upstream:track)%00%(upstream:remotename)%00%(upstream:remoteref) refs/heads/main refs/remotes/main [7ms]
2024-06-29 19:34:38.821 [info] > git status -z -uall [11ms]
2024-06-29 19:34:38.854 [info] > git ls-files --stage -- /home/voxi0/Desktop/ArchDots/install.sh [1ms]
2024-06-29 19:34:38.861 [info] > git cat-file -s 1dd145a5000a0f1e99044cf8e86df5330a332a5b [2ms]
2024-06-29 19:34:38.869 [info] > git show --textconv :install.sh [2ms]
2024-06-29 19:36:02.309 [info] > git config --get commit.template [14ms]
2024-06-29 19:36:02.314 [info] > git for-each-ref --format=%(refname)%00%(upstream:short)%00%(objectname)%00%(upstream:track)%00%(upstream:remotename)%00%(upstream:remoteref) refs/heads/main refs/remotes/main [7ms]
2024-06-29 19:36:02.336 [info] > git status -z -uall [10ms]
2024-06-29 19:36:02.352 [info] > git merge-base refs/heads/main refs/remotes/origin/main [4ms]
2024-06-29 19:36:02.363 [info] > git rev-list --count --left-right refs/heads/main...refs/remotes/origin/main [3ms]
2024-06-29 19:36:02.371 [info] > git diff --name-status -z --diff-filter=ADMR 34ef829a18f72d90a265def56be46698edcbadb5...refs/remotes/origin/main [2ms]
2024-06-29 19:36:02.390 [info] > git ls-files --stage -- /home/voxi0/Desktop/ArchDots/install.sh [1ms]
2024-06-29 19:36:02.397 [info] > git cat-file -s 1dd145a5000a0f1e99044cf8e86df5330a332a5b [2ms]
2024-06-29 19:36:02.405 [info] > git show --textconv :install.sh [2ms]
2024-06-29 19:36:08.015 [info] > git config --get commit.template [27ms]
2024-06-29 19:36:08.019 [info] > git for-each-ref --format=%(refname)%00%(upstream:short)%00%(objectname)%00%(upstream:track)%00%(upstream:remotename)%00%(upstream:remoteref) refs/heads/main refs/remotes/main [7ms]
2024-06-29 19:36:08.051 [info] > git status -z -uall [14ms]
2024-06-29 19:36:08.077 [info] > git merge-base refs/heads/main refs/remotes/origin/main [12ms]
2024-06-29 19:36:08.099 [info] > git rev-list --count --left-right refs/heads/main...refs/remotes/origin/main [12ms]
2024-06-29 19:36:08.112 [info] > git ls-files --stage -- /home/voxi0/Desktop/ArchDots/install.sh [15ms]
2024-06-29 19:36:08.118 [info] > git diff --name-status -z --diff-filter=ADMR 66a228743d8333d0f96900065b65df690e3d89e1...refs/remotes/origin/main [10ms]
2024-06-29 19:36:08.120 [info] > git cat-file -s 1dd145a5000a0f1e99044cf8e86df5330a332a5b [2ms]
2024-06-29 19:36:08.131 [info] > git show --textconv :install.sh [2ms]
2024-06-29 19:36:17.731 [info] > git show --textconv :update.sh [9ms]
2024-06-29 19:36:17.733 [info] > git ls-files --stage -- /home/voxi0/Desktop/ArchDots/update.sh [3ms]
2024-06-29 19:36:17.739 [info] > git cat-file -s cc7255dc3d46d8cce4343815e3bc8031c4403cf9 [1ms]
2024-06-29 19:36:22.181 [info] > git config --get commit.template [17ms]
2024-06-29 19:36:22.186 [info] > git for-each-ref --format=%(refname)%00%(upstream:short)%00%(objectname)%00%(upstream:track)%00%(upstream:remotename)%00%(upstream:remoteref) refs/heads/main refs/remotes/main [8ms]
2024-06-29 19:36:22.199 [info] > git status -z -uall [5ms]
2024-06-29 19:36:24.220 [info] > git show --textconv :install.sh [7ms]
2024-06-29 19:36:24.222 [info] > git ls-files --stage -- /home/voxi0/Desktop/ArchDots/install.sh [2ms]
2024-06-29 19:36:24.229 [info] > git cat-file -s 1dd145a5000a0f1e99044cf8e86df5330a332a5b [2ms]
2024-06-29 19:36:26.711 [info] > git show --textconv :update.sh [14ms]
2024-06-29 19:36:26.715 [info] > git ls-files --stage -- /home/voxi0/Desktop/ArchDots/update.sh [5ms]
2024-06-29 19:36:26.733 [info] > git cat-file -s cc7255dc3d46d8cce4343815e3bc8031c4403cf9 [6ms]
2024-06-29 19:36:48.997 [info] > git show --textconv :install.sh [37ms]
2024-06-29 19:36:49.000 [info] > git ls-files --stage -- /home/voxi0/Desktop/ArchDots/install.sh [11ms]
2024-06-29 19:36:49.013 [info] > git cat-file -s 1dd145a5000a0f1e99044cf8e86df5330a332a5b [3ms]
2024-06-29 19:36:55.948 [info] > git show --textconv :update.sh [8ms]
2024-06-29 19:36:55.949 [info] > git ls-files --stage -- /home/voxi0/Desktop/ArchDots/update.sh [2ms]
2024-06-29 19:36:55.954 [info] > git cat-file -s cc7255dc3d46d8cce4343815e3bc8031c4403cf9 [2ms]
2024-06-29 19:37:02.024 [info] > git show --textconv :install.sh [18ms]
2024-06-29 19:37:02.028 [info] > git ls-files --stage -- /home/voxi0/Desktop/ArchDots/install.sh [6ms]
2024-06-29 19:37:02.047 [info] > git cat-file -s 1dd145a5000a0f1e99044cf8e86df5330a332a5b [6ms]
2024-06-29 19:37:13.215 [info] > git show --textconv :update.sh [21ms]
2024-06-29 19:37:13.220 [info] > git ls-files --stage -- /home/voxi0/Desktop/ArchDots/update.sh [6ms]
2024-06-29 19:37:13.234 [info] > git cat-file -s cc7255dc3d46d8cce4343815e3bc8031c4403cf9 [4ms]
2024-06-29 19:37:21.663 [info] > git config --get commit.template [10ms]
2024-06-29 19:37:21.665 [info] > git for-each-ref --format=%(refname)%00%(upstream:short)%00%(objectname)%00%(upstream:track)%00%(upstream:remotename)%00%(upstream:remoteref) refs/heads/main refs/remotes/main [2ms]
2024-06-29 19:37:21.676 [info] > git status -z -uall [2ms]
2024-06-29 19:37:22.495 [info] > git show --textconv :install.sh [30ms]
2024-06-29 19:37:22.502 [info] > git ls-files --stage -- /home/voxi0/Desktop/ArchDots/install.sh [9ms]
2024-06-29 19:37:22.524 [info] > git cat-file -s 1dd145a5000a0f1e99044cf8e86df5330a332a5b [7ms]
2024-06-29 19:37:36.908 [info] > git show --textconv :update.sh [12ms]
2024-06-29 19:37:36.910 [info] > git ls-files --stage -- /home/voxi0/Desktop/ArchDots/update.sh [3ms]
2024-06-29 19:37:36.925 [info] > git cat-file -s cc7255dc3d46d8cce4343815e3bc8031c4403cf9 [5ms]
2024-06-29 19:38:09.100 [info] > git config --get commit.template [5ms]
2024-06-29 19:38:09.101 [info] > git for-each-ref --format=%(refname)%00%(upstream:short)%00%(objectname)%00%(upstream:track)%00%(upstream:remotename)%00%(upstream:remoteref) refs/heads/main refs/remotes/main [2ms]
2024-06-29 19:38:09.112 [info] > git status -z -uall [5ms]
2024-06-29 19:38:22.740 [info] > git config --get commit.template [17ms]
2024-06-29 19:38:22.746 [info] > git for-each-ref --format=%(refname)%00%(upstream:short)%00%(objectname)%00%(upstream:track)%00%(upstream:remotename)%00%(upstream:remoteref) refs/heads/main refs/remotes/main [7ms]
2024-06-29 19:38:22.777 [info] > git status -z -uall [12ms]
2024-06-29 19:38:27.087 [info] > git show --textconv :install.sh [33ms]
2024-06-29 19:38:27.090 [info] > git ls-files --stage -- /home/voxi0/Desktop/ArchDots/install.sh [12ms]
2024-06-29 19:38:27.109 [info] > git cat-file -s 1dd145a5000a0f1e99044cf8e86df5330a332a5b [10ms]
2024-06-29 19:38:27.843 [info] > git config --get commit.template [32ms]
2024-06-29 19:38:27.850 [info] > git for-each-ref --format=%(refname)%00%(upstream:short)%00%(objectname)%00%(upstream:track)%00%(upstream:remotename)%00%(upstream:remoteref) refs/heads/main refs/remotes/main [10ms]
2024-06-29 19:38:27.901 [info] > git status -z -uall [21ms]
2024-06-29 19:38:42.001 [info] > git show --textconv :update.sh [19ms]
2024-06-29 19:38:42.004 [info] > git ls-files --stage -- /home/voxi0/Desktop/ArchDots/update.sh [6ms]
2024-06-29 19:38:42.018 [info] > git cat-file -s cc7255dc3d46d8cce4343815e3bc8031c4403cf9 [3ms]
2024-06-29 19:38:52.646 [info] > git show --textconv :install.sh [26ms]
2024-06-29 19:38:52.652 [info] > git ls-files --stage -- /home/voxi0/Desktop/ArchDots/install.sh [8ms]
2024-06-29 19:38:52.671 [info] > git cat-file -s 1dd145a5000a0f1e99044cf8e86df5330a332a5b [4ms]
2024-06-29 19:38:55.642 [info] > git show --textconv :update.sh [7ms]
2024-06-29 19:38:55.643 [info] > git ls-files --stage -- /home/voxi0/Desktop/ArchDots/update.sh [1ms]
2024-06-29 19:38:55.649 [info] > git cat-file -s cc7255dc3d46d8cce4343815e3bc8031c4403cf9 [2ms]
2024-06-29 19:38:59.227 [info] > git show --textconv :install.sh [8ms]
2024-06-29 19:38:59.229 [info] > git ls-files --stage -- /home/voxi0/Desktop/ArchDots/install.sh [2ms]
2024-06-29 19:38:59.237 [info] > git cat-file -s 1dd145a5000a0f1e99044cf8e86df5330a332a5b [1ms]
2024-06-29 19:39:05.839 [info] > git show --textconv :update.sh [8ms]
2024-06-29 19:39:05.841 [info] > git ls-files --stage -- /home/voxi0/Desktop/ArchDots/update.sh [2ms]
2024-06-29 19:39:05.848 [info] > git cat-file -s cc7255dc3d46d8cce4343815e3bc8031c4403cf9 [3ms]
2024-06-29 19:39:11.256 [info] > git config --get commit.template [13ms]
2024-06-29 19:39:11.258 [info] > git for-each-ref --format=%(refname)%00%(upstream:short)%00%(objectname)%00%(upstream:track)%00%(upstream:remotename)%00%(upstream:remoteref) refs/heads/main refs/remotes/main [3ms]
2024-06-29 19:39:11.267 [info] > git status -z -uall [3ms]
2024-06-29 19:39:36.030 [info] > git config --get commit.template [21ms]
2024-06-29 19:39:36.035 [info] > git for-each-ref --format=%(refname)%00%(upstream:short)%00%(objectname)%00%(upstream:track)%00%(upstream:remotename)%00%(upstream:remoteref) refs/heads/main refs/remotes/main [9ms]
2024-06-29 19:39:36.052 [info] > git status -z -uall [6ms]
2024-06-29 19:39:42.561 [info] > git config --get commit.template [27ms]
2024-06-29 19:39:42.568 [info] > git for-each-ref --format=%(refname)%00%(upstream:short)%00%(objectname)%00%(upstream:track)%00%(upstream:remotename)%00%(upstream:remoteref) refs/heads/main refs/remotes/main [10ms]
2024-06-29 19:39:42.600 [info] > git status -z -uall [11ms]
2024-06-29 19:39:44.912 [info] > git show --textconv :install.sh [29ms]
2024-06-29 19:39:44.915 [info] > git ls-files --stage -- /home/voxi0/Desktop/ArchDots/install.sh [5ms]
2024-06-29 19:39:44.932 [info] > git cat-file -s 1dd145a5000a0f1e99044cf8e86df5330a332a5b [10ms]
2024-06-29 19:39:52.667 [info] > git config --get commit.template [22ms]
2024-06-29 19:39:52.670 [info] > git for-each-ref --format=%(refname)%00%(upstream:short)%00%(objectname)%00%(upstream:track)%00%(upstream:remotename)%00%(upstream:remoteref) refs/heads/main refs/remotes/main [6ms]
2024-06-29 19:39:52.681 [info] > git status -z -uall [4ms]
2024-06-29 19:39:57.564 [info] > git show --textconv :update.sh [35ms]
2024-06-29 19:39:57.569 [info] > git ls-files --stage -- /home/voxi0/Desktop/ArchDots/update.sh [15ms]
2024-06-29 19:39:57.595 [info] > git cat-file -s cc7255dc3d46d8cce4343815e3bc8031c4403cf9 [6ms]
2024-06-29 19:39:57.718 [info] > git config --get commit.template [22ms]
2024-06-29 19:39:57.723 [info] > git for-each-ref --format=%(refname)%00%(upstream:short)%00%(objectname)%00%(upstream:track)%00%(upstream:remotename)%00%(upstream:remoteref) refs/heads/main refs/remotes/main [10ms]
2024-06-29 19:39:57.758 [info] > git status -z -uall [15ms]
2024-06-29 19:40:03.398 [info] > git config --get commit.template [13ms]
2024-06-29 19:40:03.400 [info] > git for-each-ref --format=%(refname)%00%(upstream:short)%00%(objectname)%00%(upstream:track)%00%(upstream:remotename)%00%(upstream:remoteref) refs/heads/main refs/remotes/main [3ms]
2024-06-29 19:40:03.409 [info] > git status -z -uall [3ms]
2024-06-29 19:40:08.471 [info] > git config --get commit.template [33ms]
2024-06-29 19:40:08.477 [info] > git for-each-ref --format=%(refname)%00%(upstream:short)%00%(objectname)%00%(upstream:track)%00%(upstream:remotename)%00%(upstream:remoteref) refs/heads/main refs/remotes/main [13ms]
2024-06-29 19:40:08.519 [info] > git status -z -uall [15ms]
2024-06-29 19:40:08.532 [info] > git show --textconv :install.sh [14ms]
2024-06-29 19:40:08.542 [info] > git ls-files --stage -- /home/voxi0/Desktop/ArchDots/install.sh [11ms]
2024-06-29 19:40:08.549 [info] > git cat-file -s 1dd145a5000a0f1e99044cf8e86df5330a332a5b [1ms]
2024-06-29 19:40:13.570 [info] > git config --get commit.template [24ms]
2024-06-29 19:40:13.576 [info] > git for-each-ref --format=%(refname)%00%(upstream:short)%00%(objectname)%00%(upstream:track)%00%(upstream:remotename)%00%(upstream:remoteref) refs/heads/main refs/remotes/main [9ms]
2024-06-29 19:40:13.606 [info] > git status -z -uall [8ms]
2024-06-29 19:40:14.825 [info] > git show --textconv :update.sh [22ms]
2024-06-29 19:40:14.828 [info] > git ls-files --stage -- /home/voxi0/Desktop/ArchDots/update.sh [4ms]
2024-06-29 19:40:14.839 [info] > git cat-file -s cc7255dc3d46d8cce4343815e3bc8031c4403cf9 [3ms]
2024-06-29 19:40:18.622 [info] > git config --get commit.template [6ms]
2024-06-29 19:40:18.624 [info] > git for-each-ref --format=%(refname)%00%(upstream:short)%00%(objectname)%00%(upstream:track)%00%(upstream:remotename)%00%(upstream:remoteref) refs/heads/main refs/remotes/main [3ms]
2024-06-29 19:40:18.633 [info] > git status -z -uall [4ms]
2024-06-29 19:40:21.993 [info] > git show --textconv :install.sh [22ms]
2024-06-29 19:40:21.995 [info] > git ls-files --stage -- /home/voxi0/Desktop/ArchDots/install.sh [4ms]
2024-06-29 19:40:22.009 [info] > git cat-file -s 1dd145a5000a0f1e99044cf8e86df5330a332a5b [4ms]
2024-06-29 19:41:10.633 [info] > git config --get commit.template [29ms]
2024-06-29 19:41:10.641 [info] > git for-each-ref --format=%(refname)%00%(upstream:short)%00%(objectname)%00%(upstream:track)%00%(upstream:remotename)%00%(upstream:remoteref) refs/heads/main refs/remotes/main [12ms]
2024-06-29 19:41:10.678 [info] > git status -z -uall [15ms]
2024-06-29 19:41:16.760 [info] > git config --get commit.template [12ms]
2024-06-29 19:41:16.763 [info] > git for-each-ref --format=%(refname)%00%(upstream:short)%00%(objectname)%00%(upstream:track)%00%(upstream:remotename)%00%(upstream:remoteref) refs/heads/main refs/remotes/main [4ms]
2024-06-29 19:41:16.774 [info] > git status -z -uall [5ms]
2024-06-29 19:41:17.554 [info] > git show --textconv :update.sh [32ms]
2024-06-29 19:41:17.559 [info] > git ls-files --stage -- /home/voxi0/Desktop/ArchDots/update.sh [9ms]
2024-06-29 19:41:17.579 [info] > git cat-file -s cc7255dc3d46d8cce4343815e3bc8031c4403cf9 [4ms]
2024-06-29 19:41:21.820 [info] > git config --get commit.template [21ms]
2024-06-29 19:41:21.823 [info] > git for-each-ref --format=%(refname)%00%(upstream:short)%00%(objectname)%00%(upstream:track)%00%(upstream:remotename)%00%(upstream:remoteref) refs/heads/main refs/remotes/main [7ms]
2024-06-29 19:41:21.835 [info] > git status -z -uall [4ms]
2024-06-29 19:41:26.880 [info] > git config --get commit.template [19ms]
2024-06-29 19:41:26.886 [info] > git for-each-ref --format=%(refname)%00%(upstream:short)%00%(objectname)%00%(upstream:track)%00%(upstream:remotename)%00%(upstream:remoteref) refs/heads/main refs/remotes/main [8ms]
2024-06-29 19:41:26.902 [info] > git status -z -uall [5ms]
2024-06-29 19:42:00.768 [info] > git config --get commit.template [18ms]
2024-06-29 19:42:00.770 [info] > git for-each-ref --format=%(refname)%00%(upstream:short)%00%(objectname)%00%(upstream:track)%00%(upstream:remotename)%00%(upstream:remoteref) refs/heads/main refs/remotes/main [4ms]
2024-06-29 19:42:00.848 [info] > git status -z -uall [71ms]
2024-06-29 19:42:04.218 [info] > git check-ignore -v -z --stdin [6ms]
2024-06-29 19:42:12.827 [info] > git check-ignore -v -z --stdin [7ms]
2024-06-29 19:42:13.378 [info] > git config --get commit.template [2ms]
2024-06-29 19:42:13.388 [info] > git for-each-ref --format=%(refname)%00%(upstream:short)%00%(objectname)%00%(upstream:track)%00%(upstream:remotename)%00%(upstream:remoteref) refs/heads/main refs/remotes/main [1ms]
2024-06-29 19:42:13.478 [info] > git status -z -uall [84ms]
2024-06-29 19:42:26.894 [info] > git check-ignore -v -z --stdin [6ms]
2024-06-29 19:42:31.211 [info] > git check-ignore -v -z --stdin [7ms]
2024-06-29 19:42:38.779 [info] > git config --get commit.template [11ms]
2024-06-29 19:42:38.782 [info] > git for-each-ref --format=%(refname)%00%(upstream:short)%00%(objectname)%00%(upstream:track)%00%(upstream:remotename)%00%(upstream:remoteref) refs/heads/main refs/remotes/main [4ms]
2024-06-29 19:42:38.867 [info] > git status -z -uall [75ms]
2024-06-29 19:43:20.385 [info] > git show --textconv :update.sh [19ms]
2024-06-29 19:43:20.388 [info] > git ls-files --stage -- /home/voxi0/Desktop/ArchDots/update.sh [5ms]
2024-06-29 19:43:20.397 [info] > git cat-file -s 2d8f9f23c93cd740d35d4e339a752c503da3fa50 [3ms]
2024-06-29 19:43:40.897 [info] > git config --get commit.template [22ms]
2024-06-29 19:43:40.900 [info] > git for-each-ref --format=%(refname)%00%(upstream:short)%00%(objectname)%00%(upstream:track)%00%(upstream:remotename)%00%(upstream:remoteref) refs/heads/main refs/remotes/main [6ms]
2024-06-29 19:43:40.982 [info] > git status -z -uall [73ms]
2024-06-29 19:43:51.019 [info] > git config --get commit.template [12ms]
2024-06-29 19:43:51.022 [info] > git for-each-ref --format=%(refname)%00%(upstream:short)%00%(objectname)%00%(upstream:track)%00%(upstream:remotename)%00%(upstream:remoteref) refs/heads/main refs/remotes/main [5ms]
2024-06-29 19:43:51.110 [info] > git status -z -uall [80ms]
2024-06-29 19:44:09.497 [info] > git config --get commit.template [24ms]
2024-06-29 19:44:09.505 [info] > git for-each-ref --format=%(refname)%00%(upstream:short)%00%(objectname)%00%(upstream:track)%00%(upstream:remotename)%00%(upstream:remoteref) refs/heads/main refs/remotes/main [10ms]
2024-06-29 19:44:09.659 [info] > git status -z -uall [132ms]
