2024-06-25 21:49:48.203 [info] Added views:workbench.panel.markers.view in workbench.panel.markers
2024-06-25 21:49:48.203 [info] Added views:workbench.panel.output in workbench.panel.output
2024-06-25 21:49:48.203 [info] Added views:terminal in terminal
2024-06-25 21:49:48.203 [info] Added views:outline in workbench.view.explorer
2024-06-25 21:49:48.203 [info] Added views:workbench.scm in workbench.view.scm
2024-06-25 21:49:48.203 [info] Added views:workbench.view.search in workbench.view.search
2024-06-25 21:49:48.203 [info] Added views:timeline in workbench.view.explorer
2024-06-25 21:49:48.203 [info] Added views:workbench.explorer.emptyView in workbench.view.explorer
2024-06-25 21:49:49.129 [info] Added views:workbench.debug.variablesView,workbench.debug.watchExpressionsView,workbench.debug.callStackView,workbench.debug.breakPointsView in workbench.view.debug
2024-06-25 21:49:49.178 [info] Added views:workbench.panel.repl.view in workbench.panel.repl
2024-06-25 21:49:49.179 [info] Removed views:workbench.debug.breakPointsView,workbench.debug.callStackView,workbench.debug.watchExpressionsView,workbench.debug.variablesView from workbench.view.debug
2024-06-25 21:49:49.181 [info] Added views:workbench.debug.welcome in workbench.view.debug
2024-06-25 21:49:49.538 [info] Added views:~remote.forwardedPorts in ~remote.forwardedPortsContainer
2024-06-25 21:49:55.175 [info] Added views:workbench.panel.markers.view in workbench.panel.markers
2024-06-25 21:49:55.175 [info] Added views:workbench.panel.output in workbench.panel.output
2024-06-25 21:49:55.175 [info] Added views:terminal in terminal
2024-06-25 21:49:55.175 [info] Added views:outline in workbench.view.explorer
2024-06-25 21:49:55.175 [info] Added views:workbench.scm in workbench.view.scm
2024-06-25 21:49:55.175 [info] Added views:workbench.view.search in workbench.view.search
2024-06-25 21:49:55.175 [info] Added views:timeline in workbench.view.explorer
2024-06-25 21:49:55.175 [info] Added views:workbench.explorer.fileView in workbench.view.explorer
2024-06-25 21:49:56.053 [info] Added views:workbench.debug.variablesView,workbench.debug.watchExpressionsView,workbench.debug.callStackView,workbench.debug.breakPointsView in workbench.view.debug
2024-06-25 21:49:56.097 [info] Added views:workbench.panel.repl.view in workbench.panel.repl
2024-06-25 21:49:56.098 [info] Removed views:workbench.debug.breakPointsView,workbench.debug.callStackView,workbench.debug.watchExpressionsView,workbench.debug.variablesView from workbench.view.debug
2024-06-25 21:49:56.101 [info] Added views:workbench.debug.welcome in workbench.view.debug
2024-06-25 21:49:56.308 [info] Added views:~remote.forwardedPorts in ~remote.forwardedPortsContainer
2024-06-25 21:50:01.243 [info] Added views:cmake.projectStatus,cmake.outline,cmake.pinnedCommands in workbench.view.extension.cmake-view
2024-06-25 21:50:01.997 [info] Added views:workbench.view.testing in workbench.view.extension.test
2024-06-25 21:50:09.097 [info] Added views:workbench.views.extensions.installed,workbench.views.extensions.popular,extensions.recommendedList in workbench.view.extensions
2024-06-25 21:50:09.100 [info] Removed views:workbench.views.extensions.popular from workbench.view.extensions
2024-06-25 21:50:09.679 [info] Removed views:extensions.recommendedList,workbench.views.extensions.installed from workbench.view.extensions
2024-06-25 21:50:09.696 [info] Added views:workbench.views.extensions.marketplace in workbench.view.extensions
2024-06-25 21:50:15.481 [info] Removed views:workbench.views.extensions.marketplace from workbench.view.extensions
2024-06-25 21:50:15.498 [info] Added views:workbench.views.extensions.installed,extensions.recommendedList in workbench.view.extensions
2024-06-26 00:36:54.132 [info] Removed views:workbench.view.testing from workbench.view.extension.test
