[proc] Executing command: /usr/bin/cmake --version
[proc] Executing command: /usr/bin/cmake -E capabilities
[variant] Loaded new set of variants
[kit] Successfully loaded 2 kits from /home/voxi0/.local/share/CMakeTools/cmake-tools-kits.json
[proc] Executing command: /usr/bin/gcc -v
[proc] The command: ninja --version failed with error: Error: spawn ninja ENOENT
[proc] The command: ninja-build --version failed with error: Error: spawn ninja-build ENOENT
[main] Configuring project: learningC 
[proc] Executing command: /usr/bin/cmake --no-warn-unused-cli -DCMAKE_BUILD_TYPE:STRING=Debug -DCMAKE_EXPORT_COMPILE_COMMANDS:BOOL=TRUE -DCMAKE_C_COMPILER:FILEPATH=/usr/bin/gcc -DCMAKE_CXX_COMPILER:FILEPATH=/usr/bin/g++ -S/home/voxi0/Desktop/C/learningC -B/home/voxi0/Desktop/C/learningC/build -G "Unix Makefiles"
[cmake] Not searching for unused variables given on the command line.
[cmake] -- Configuring done (0.0s)
[cmake] -- Generating done (0.0s)
[cmake] -- Build files have been written to: /home/voxi0/Desktop/C/learningC/build
[main] Building folder: learningC all
[build] Starting build
[proc] Executing command: /usr/bin/cmake --build /home/voxi0/Desktop/C/learningC/build --config Debug --target all -j 6 --
[build] [ 50%] Building C object CMakeFiles/learningC.dir/src/main.c.o
[build] [100%] Linking C executable learningC
[build] [100%] Built target learningC
[driver] Build completed: 00:00:00.396
[build] Build finished with exit code 0
[main] Building folder: learningC all
[build] Starting build
[proc] Executing command: /usr/bin/cmake --build /home/voxi0/Desktop/C/learningC/build --config Debug --target all -j 6 --
[build] [ 50%] Building C object CMakeFiles/learningC.dir/src/main.c.o
[build] [100%] Linking C executable learningC
[build] [100%] Built target learningC
[driver] Build completed: 00:00:00.232
[build] Build finished with exit code 0
[main] Building folder: learningC all
[build] Starting build
[proc] Executing command: /usr/bin/cmake --build /home/voxi0/Desktop/C/learningC/build --config Debug --target all -j 6 --
[build] [ 50%] Building C object CMakeFiles/learningC.dir/src/main.c.o
[build] /home/voxi0/Desktop/C/learningC/src/main.c: In function ‘main’:
[build] /home/voxi0/Desktop/C/learningC/src/main.c:17:30: warning: ISO C17 does not support the ‘%b’ gnu_printf format [-Wformat=]
[build]    17 |         fprintf(test_file, "%b", &test_ptr);
[build]       |                              ^
[build] /home/voxi0/Desktop/C/learningC/src/main.c:17:30: warning: format ‘%b’ expects argument of type ‘unsigned int’, but argument 3 has type ‘int **’ [-Wformat=]
[build]    17 |         fprintf(test_file, "%b", &test_ptr);
[build]       |                             ~^   ~~~~~~~~~
[build]       |                              |   |
[build]       |                              |   int **
[build]       |                              unsigned int
[build] [100%] Linking C executable learningC
[build] [100%] Built target learningC
[driver] Build completed: 00:00:00.246
[build] Build finished with exit code 0
[main] Building folder: learningC all
[build] Starting build
[proc] Executing command: /usr/bin/cmake --build /home/voxi0/Desktop/C/learningC/build --config Debug --target all -j 6 --
[build] [ 50%] Building C object CMakeFiles/learningC.dir/src/main.c.o
[build] /home/voxi0/Desktop/C/learningC/src/main.c: In function ‘main’:
[build] /home/voxi0/Desktop/C/learningC/src/main.c:17:30: warning: format ‘%p’ expects argument of type ‘void *’, but argument 3 has type ‘int **’ [-Wformat=]
[build]    17 |         fprintf(test_file, "%p", &test_ptr);
[build]       |                             ~^   ~~~~~~~~~
[build]       |                              |   |
[build]       |                              |   int **
[build]       |                              void *
[build] [100%] Linking C executable learningC
[build] [100%] Built target learningC
[driver] Build completed: 00:00:00.204
[build] Build finished with exit code 0
[main] Building folder: learningC all
[build] Starting build
[proc] Executing command: /usr/bin/cmake --build /home/voxi0/Desktop/C/learningC/build --config Debug --target all -j 6 --
[build] [ 50%] Building C object CMakeFiles/learningC.dir/src/main.c.o
[build] /home/voxi0/Desktop/C/learningC/src/main.c: In function ‘main’:
[build] /home/voxi0/Desktop/C/learningC/src/main.c:17:30: warning: format ‘%p’ expects argument of type ‘void *’, but argument 3 has type ‘int *’ [-Wformat=]
[build]    17 |         fprintf(test_file, "%p", test_ptr);
[build]       |                             ~^   ~~~~~~~~
[build]       |                              |   |
[build]       |                              |   int *
[build]       |                              void *
[build]       |                             %ls
[build] [100%] Linking C executable learningC
[build] [100%] Built target learningC
[driver] Build completed: 00:00:00.238
[build] Build finished with exit code 0
[main] Building folder: learningC all
[build] Starting build
[proc] Executing command: /usr/bin/cmake --build /home/voxi0/Desktop/C/learningC/build --config Debug --target all -j 6 --
[build] [ 50%] Building C object CMakeFiles/learningC.dir/src/main.c.o
[build] /home/voxi0/Desktop/C/learningC/src/main.c: In function ‘main’:
[build] /home/voxi0/Desktop/C/learningC/src/main.c:17:30: warning: format ‘%x’ expects argument of type ‘unsigned int’, but argument 3 has type ‘int **’ [-Wformat=]
[build]    17 |         fprintf(test_file, "%x", &test_ptr);
[build]       |                             ~^   ~~~~~~~~~
[build]       |                              |   |
[build]       |                              |   int **
[build]       |                              unsigned int
[build] [100%] Linking C executable learningC
[build] [100%] Built target learningC
[driver] Build completed: 00:00:00.416
[build] Build finished with exit code 0
[main] Building folder: learningC all
[build] Starting build
[proc] Executing command: /usr/bin/cmake --build /home/voxi0/Desktop/C/learningC/build --config Debug --target all -j 6 --
[build] [ 50%] Building C object CMakeFiles/learningC.dir/src/main.c.o
[build] [100%] Linking C executable learningC
[build] [100%] Built target learningC
[driver] Build completed: 00:00:00.221
[build] Build finished with exit code 0
