2024-06-28 19:38:09.997 [info] Log level: Info
2024-06-28 19:38:09.997 [info] Validating found git in: "git"
2024-06-28 19:38:09.997 [info] Using git "2.45.2" from "git"
2024-06-28 19:38:09.997 [info] > git rev-parse --show-toplevel [12ms]
2024-06-28 19:38:09.997 [info] fatal: not a git repository (or any of the parent directories): .git
2024-06-28 19:38:09.997 [info] > git rev-parse --show-toplevel [81ms]
2024-06-28 19:38:09.997 [info] fatal: not a git repository (or any of the parent directories): .git
2024-06-28 19:38:10.002 [info] > git rev-parse --show-toplevel [41ms]
2024-06-28 19:38:10.002 [info] fatal: not a git repository (or any of the parent directories): .git
2024-06-28 19:38:10.008 [info] > git rev-parse --show-toplevel [1ms]
2024-06-28 19:38:10.009 [info] fatal: not a git repository (or any of the parent directories): .git
2024-06-28 19:38:12.219 [info] > git rev-parse --show-toplevel [10ms]
2024-06-28 19:38:12.220 [info] fatal: not a git repository (or any of the parent directories): .git
2024-06-28 19:38:13.244 [info] > git rev-parse --show-toplevel [47ms]
2024-06-28 19:38:13.244 [info] fatal: not a git repository (or any of the parent directories): .git
2024-06-28 19:38:13.472 [info] > git rev-parse --show-toplevel [3ms]
2024-06-28 19:38:13.472 [info] fatal: not a git repository (or any of the parent directories): .git
2024-06-28 19:38:15.949 [info] > git rev-parse --show-toplevel [4ms]
2024-06-28 19:38:15.949 [info] fatal: not a git repository (or any of the parent directories): .git
2024-06-28 19:38:24.754 [info] Log level: Info
2024-06-28 19:38:24.754 [info] Validating found git in: "git"
2024-06-28 19:38:24.754 [info] Using git "2.45.2" from "git"
2024-06-28 19:38:24.754 [info] > git rev-parse --show-toplevel [92ms]
2024-06-28 19:38:24.754 [info] fatal: not a git repository (or any of the parent directories): .git
2024-06-28 19:38:24.789 [info] > git rev-parse --show-toplevel [26ms]
2024-06-28 19:38:24.789 [info] fatal: not a git repository (or any of the parent directories): .git
2024-06-28 19:38:24.836 [info] > git rev-parse --show-toplevel [18ms]
2024-06-28 19:38:24.836 [info] fatal: not a git repository (or any of the parent directories): .git
2024-06-28 19:38:24.853 [info] > git rev-parse --show-toplevel [7ms]
2024-06-28 19:38:24.853 [info] fatal: not a git repository (or any of the parent directories): .git
2024-06-28 19:38:24.871 [info] > git rev-parse --show-toplevel [5ms]
2024-06-28 19:38:24.871 [info] fatal: not a git repository (or any of the parent directories): .git
2024-06-28 19:38:25.686 [info] > git rev-parse --show-toplevel [3ms]
2024-06-28 19:38:25.686 [info] fatal: not a git repository (or any of the parent directories): .git
2024-06-28 19:38:32.703 [info] > git rev-parse --show-toplevel [7ms]
2024-06-28 19:38:32.703 [info] fatal: not a git repository (or any of the parent directories): .git
2024-06-28 21:14:36.258 [info] > git rev-parse --show-toplevel [12ms]
2024-06-28 21:14:36.259 [info] fatal: not a git repository (or any of the parent directories): .git
2024-06-28 21:14:36.685 [info] > git rev-parse --show-toplevel [2ms]
2024-06-28 21:14:36.685 [info] fatal: not a git repository (or any of the parent directories): .git
2024-06-29 12:18:59.369 [info] > git rev-parse --show-toplevel [1ms]
2024-06-29 12:18:59.369 [info] fatal: not a git repository (or any of the parent directories): .git
2024-06-29 12:19:01.100 [info] > git rev-parse --show-toplevel [4ms]
2024-06-29 12:19:01.100 [info] fatal: not a git repository (or any of the parent directories): .git
2024-06-29 12:19:54.652 [info] > git rev-parse --show-toplevel [1ms]
2024-06-29 12:19:54.652 [info] fatal: not a git repository (or any of the parent directories): .git
2024-06-29 12:19:54.906 [info] > git rev-parse --show-toplevel [2ms]
2024-06-29 12:19:54.906 [info] fatal: not a git repository (or any of the parent directories): .git
2024-06-29 12:19:57.128 [info] > git rev-parse --show-toplevel [2ms]
2024-06-29 12:19:57.128 [info] fatal: not a git repository (or any of the parent directories): .git
2024-06-29 12:20:05.305 [info] > git rev-parse --show-toplevel [5ms]
2024-06-29 12:20:05.305 [info] fatal: not a git repository (or any of the parent directories): .git
2024-06-29 13:22:16.794 [info] > git rev-parse --show-toplevel [2ms]
2024-06-29 13:22:16.794 [info] fatal: not a git repository (or any of the parent directories): .git
2024-06-29 13:22:17.094 [info] > git rev-parse --show-toplevel [2ms]
2024-06-29 13:22:17.094 [info] fatal: not a git repository (or any of the parent directories): .git
2024-06-29 13:22:20.338 [info] > git rev-parse --show-toplevel [2ms]
2024-06-29 13:22:20.338 [info] fatal: not a git repository (or any of the parent directories): .git
2024-06-29 13:22:22.174 [info] > git rev-parse --show-toplevel [4ms]
2024-06-29 13:22:22.174 [info] fatal: not a git repository (or any of the parent directories): .git
2024-06-29 13:22:33.328 [info] > git rev-parse --show-toplevel [1ms]
2024-06-29 13:22:33.328 [info] fatal: not a git repository (or any of the parent directories): .git
2024-06-29 13:22:33.627 [info] > git rev-parse --show-toplevel [11ms]
2024-06-29 13:22:33.627 [info] fatal: not a git repository (or any of the parent directories): .git
2024-06-29 13:22:36.805 [info] > git rev-parse --show-toplevel [2ms]
2024-06-29 13:22:36.805 [info] fatal: not a git repository (or any of the parent directories): .git
2024-06-29 13:22:38.113 [info] > git rev-parse --show-toplevel [6ms]
2024-06-29 13:22:38.114 [info] fatal: not a git repository (or any of the parent directories): .git
2024-06-29 14:05:15.432 [info] > git rev-parse --show-toplevel [2ms]
2024-06-29 14:05:15.432 [info] fatal: not a git repository (or any of the parent directories): .git
2024-06-29 14:05:15.826 [info] > git rev-parse --show-toplevel [1ms]
2024-06-29 14:05:15.826 [info] fatal: not a git repository (or any of the parent directories): .git
2024-06-29 15:26:17.977 [info] > git rev-parse --show-toplevel [2ms]
2024-06-29 15:26:17.977 [info] fatal: not a git repository (or any of the parent directories): .git
2024-06-29 15:26:18.317 [info] > git rev-parse --show-toplevel [4ms]
2024-06-29 15:26:18.317 [info] fatal: not a git repository (or any of the parent directories): .git
2024-06-29 15:27:03.402 [info] > git rev-parse --show-toplevel [3ms]
2024-06-29 15:27:03.403 [info] fatal: not a git repository (or any of the parent directories): .git
2024-06-29 15:27:03.791 [info] > git rev-parse --show-toplevel [2ms]
2024-06-29 15:27:03.791 [info] fatal: not a git repository (or any of the parent directories): .git
2024-06-29 15:27:09.057 [info] > git rev-parse --show-toplevel [4ms]
2024-06-29 15:27:09.057 [info] fatal: not a git repository (or any of the parent directories): .git
2024-06-29 15:28:43.317 [info] > git rev-parse --show-toplevel [2ms]
2024-06-29 15:28:43.317 [info] fatal: not a git repository (or any of the parent directories): .git
2024-06-29 15:50:36.842 [info] Log level: Info
2024-06-29 15:50:36.842 [info] Validating found git in: "git"
2024-06-29 15:50:36.842 [info] Using git "2.45.2" from "git"
2024-06-29 15:50:50.877 [info] Log level: Info
2024-06-29 15:50:50.877 [info] Validating found git in: "git"
2024-06-29 15:50:50.878 [info] Using git "2.45.2" from "git"
2024-06-29 15:50:50.878 [info] > git rev-parse --show-toplevel [10ms]
2024-06-29 15:50:50.883 [info] > git rev-parse --git-dir --git-common-dir [1ms]
2024-06-29 15:50:50.896 [info] Open repository: /home/voxi0/Desktop/ArchDots
2024-06-29 15:50:50.908 [info] > git rev-parse --show-toplevel [2ms]
2024-06-29 15:50:50.909 [info] > git config --get commit.template [7ms]
2024-06-29 15:50:50.928 [info] > git rev-parse --show-toplevel [11ms]
2024-06-29 15:50:50.940 [info] > git for-each-ref --format=%(refname)%00%(upstream:short)%00%(objectname)%00%(upstream:track)%00%(upstream:remotename)%00%(upstream:remoteref) refs/heads/main refs/remotes/main [14ms]
2024-06-29 15:50:50.944 [info] > git rev-parse --show-toplevel [4ms]
2024-06-29 15:50:50.953 [info] > git rev-parse --show-toplevel [5ms]
2024-06-29 15:50:50.957 [info] > git status -z -uall [5ms]
2024-06-29 15:50:50.976 [info] > git merge-base refs/heads/main refs/remotes/origin/main [13ms]
2024-06-29 15:50:50.983 [info] > git config --get commit.template [8ms]
2024-06-29 15:50:50.984 [info] > git rev-list --count --left-right refs/heads/main...refs/remotes/origin/main [3ms]
2024-06-29 15:50:51.030 [info] > git diff --name-status -z --diff-filter=ADMR 34ef829a18f72d90a265def56be46698edcbadb5...refs/remotes/origin/main [41ms]
2024-06-29 15:50:51.056 [info] > git for-each-ref --format=%(refname)%00%(upstream:short)%00%(objectname)%00%(upstream:track)%00%(upstream:remotename)%00%(upstream:remoteref) refs/heads/main refs/remotes/main [27ms]
2024-06-29 15:50:51.071 [info] > git status -z -uall [4ms]
2024-06-29 15:50:51.466 [info] > git check-ignore -v -z --stdin [13ms]
2024-06-29 15:51:31.244 [info] > git show --textconv :test.sh [10ms]
2024-06-29 15:51:31.246 [info] > git ls-files --stage -- /home/voxi0/Desktop/ArchDots/test.sh [4ms]
2024-06-29 15:51:31.482 [info] > git check-ignore -v -z --stdin [6ms]
2024-06-29 15:51:32.034 [info] > git config --get commit.template [5ms]
2024-06-29 15:51:32.035 [info] > git for-each-ref --format=%(refname)%00%(upstream:short)%00%(objectname)%00%(upstream:track)%00%(upstream:remotename)%00%(upstream:remoteref) refs/heads/main refs/remotes/main [2ms]
2024-06-29 15:51:32.043 [info] > git status -z -uall [3ms]
2024-06-29 15:52:19.997 [info] > git config --get commit.template [6ms]
2024-06-29 15:52:19.997 [info] > git for-each-ref --format=%(refname)%00%(upstream:short)%00%(objectname)%00%(upstream:track)%00%(upstream:remotename)%00%(upstream:remoteref) refs/heads/main refs/remotes/main [1ms]
2024-06-29 15:52:20.004 [info] > git status -z -uall [3ms]
2024-06-29 15:52:46.380 [info] > git config --get commit.template [11ms]
2024-06-29 15:52:46.380 [info] > git for-each-ref --format=%(refname)%00%(upstream:short)%00%(objectname)%00%(upstream:track)%00%(upstream:remotename)%00%(upstream:remoteref) refs/heads/main refs/remotes/main [1ms]
2024-06-29 15:52:46.394 [info] > git status -z -uall [2ms]
2024-06-29 15:52:57.513 [info] > git config --get commit.template [12ms]
2024-06-29 15:52:57.516 [info] > git for-each-ref --format=%(refname)%00%(upstream:short)%00%(objectname)%00%(upstream:track)%00%(upstream:remotename)%00%(upstream:remoteref) refs/heads/main refs/remotes/main [4ms]
2024-06-29 15:52:57.534 [info] > git status -z -uall [7ms]
2024-06-29 15:53:09.355 [info] > git config --get commit.template [10ms]
2024-06-29 15:53:09.357 [info] > git for-each-ref --format=%(refname)%00%(upstream:short)%00%(objectname)%00%(upstream:track)%00%(upstream:remotename)%00%(upstream:remoteref) refs/heads/main refs/remotes/main [3ms]
2024-06-29 15:53:09.368 [info] > git status -z -uall [4ms]
2024-06-29 15:53:22.848 [info] > git config --get commit.template [25ms]
2024-06-29 15:53:22.855 [info] > git for-each-ref --format=%(refname)%00%(upstream:short)%00%(objectname)%00%(upstream:track)%00%(upstream:remotename)%00%(upstream:remoteref) refs/heads/main refs/remotes/main [11ms]
2024-06-29 15:53:22.892 [info] > git status -z -uall [14ms]
2024-06-29 15:53:43.261 [info] > git config --get commit.template [22ms]
2024-06-29 15:53:43.270 [info] > git for-each-ref --format=%(refname)%00%(upstream:short)%00%(objectname)%00%(upstream:track)%00%(upstream:remotename)%00%(upstream:remoteref) refs/heads/main refs/remotes/main [10ms]
2024-06-29 15:53:43.306 [info] > git status -z -uall [16ms]
2024-06-29 15:53:51.065 [info] > git show --textconv :install.sh [6ms]
2024-06-29 15:53:51.066 [info] > git ls-files --stage -- /home/voxi0/Desktop/ArchDots/install.sh [2ms]
2024-06-29 15:53:51.075 [info] > git cat-file -s 9400e43fdebb04a44792ac200a0c7dd76cd2e5f6 [3ms]
2024-06-29 15:55:25.840 [info] > git config --get commit.template [19ms]
2024-06-29 15:55:25.845 [info] > git for-each-ref --format=%(refname)%00%(upstream:short)%00%(objectname)%00%(upstream:track)%00%(upstream:remotename)%00%(upstream:remoteref) refs/heads/main refs/remotes/main [8ms]
2024-06-29 15:55:25.874 [info] > git status -z -uall [11ms]
2024-06-29 15:55:30.912 [info] > git config --get commit.template [17ms]
2024-06-29 15:55:30.917 [info] > git for-each-ref --format=%(refname)%00%(upstream:short)%00%(objectname)%00%(upstream:track)%00%(upstream:remotename)%00%(upstream:remoteref) refs/heads/main refs/remotes/main [8ms]
2024-06-29 15:55:30.931 [info] > git status -z -uall [4ms]
2024-06-29 15:56:24.814 [info] > git config --get commit.template [6ms]
2024-06-29 15:56:24.815 [info] > git for-each-ref --format=%(refname)%00%(upstream:short)%00%(objectname)%00%(upstream:track)%00%(upstream:remotename)%00%(upstream:remoteref) refs/heads/main refs/remotes/main [2ms]
2024-06-29 15:56:24.823 [info] > git status -z -uall [3ms]
2024-06-29 15:57:12.117 [info] > git config --get commit.template [26ms]
2024-06-29 15:57:12.122 [info] > git for-each-ref --format=%(refname)%00%(upstream:short)%00%(objectname)%00%(upstream:track)%00%(upstream:remotename)%00%(upstream:remoteref) refs/heads/main refs/remotes/main [10ms]
2024-06-29 15:57:12.148 [info] > git status -z -uall [9ms]
2024-06-29 15:58:31.776 [info] > git config --get commit.template [19ms]
2024-06-29 15:58:31.781 [info] > git for-each-ref --format=%(refname)%00%(upstream:short)%00%(objectname)%00%(upstream:track)%00%(upstream:remotename)%00%(upstream:remoteref) refs/heads/main refs/remotes/main [8ms]
2024-06-29 15:58:31.807 [info] > git status -z -uall [10ms]
2024-06-29 15:59:03.368 [info] > git config --get commit.template [23ms]
2024-06-29 15:59:03.372 [info] > git for-each-ref --format=%(refname)%00%(upstream:short)%00%(objectname)%00%(upstream:track)%00%(upstream:remotename)%00%(upstream:remoteref) refs/heads/main refs/remotes/main [8ms]
2024-06-29 15:59:03.384 [info] > git status -z -uall [4ms]
2024-06-29 15:59:14.573 [info] > git config --get commit.template [22ms]
2024-06-29 15:59:14.581 [info] > git for-each-ref --format=%(refname)%00%(upstream:short)%00%(objectname)%00%(upstream:track)%00%(upstream:remotename)%00%(upstream:remoteref) refs/heads/main refs/remotes/main [11ms]
2024-06-29 15:59:14.615 [info] > git status -z -uall [14ms]
2024-06-29 16:00:00.364 [info] > git config --get commit.template [7ms]
2024-06-29 16:00:00.365 [info] > git for-each-ref --format=%(refname)%00%(upstream:short)%00%(objectname)%00%(upstream:track)%00%(upstream:remotename)%00%(upstream:remoteref) refs/heads/main refs/remotes/main [3ms]
2024-06-29 16:00:00.375 [info] > git status -z -uall [4ms]
2024-06-29 16:00:28.002 [info] > git config --get commit.template [21ms]
2024-06-29 16:00:28.006 [info] > git for-each-ref --format=%(refname)%00%(upstream:short)%00%(objectname)%00%(upstream:track)%00%(upstream:remotename)%00%(upstream:remoteref) refs/heads/main refs/remotes/main [6ms]
2024-06-29 16:00:28.018 [info] > git status -z -uall [5ms]
2024-06-29 16:00:38.430 [info] > git config --get commit.template [22ms]
2024-06-29 16:00:38.438 [info] > git for-each-ref --format=%(refname)%00%(upstream:short)%00%(objectname)%00%(upstream:track)%00%(upstream:remotename)%00%(upstream:remoteref) refs/heads/main refs/remotes/main [11ms]
2024-06-29 16:00:38.453 [info] > git status -z -uall [5ms]
2024-06-29 16:01:05.424 [info] > git config --get commit.template [21ms]
2024-06-29 16:01:05.429 [info] > git for-each-ref --format=%(refname)%00%(upstream:short)%00%(objectname)%00%(upstream:track)%00%(upstream:remotename)%00%(upstream:remoteref) refs/heads/main refs/remotes/main [8ms]
2024-06-29 16:01:05.446 [info] > git status -z -uall [7ms]
2024-06-29 16:01:15.342 [info] > git config --get commit.template [5ms]
2024-06-29 16:01:15.343 [info] > git for-each-ref --format=%(refname)%00%(upstream:short)%00%(objectname)%00%(upstream:track)%00%(upstream:remotename)%00%(upstream:remoteref) refs/heads/main refs/remotes/main [2ms]
2024-06-29 16:01:15.351 [info] > git status -z -uall [3ms]
2024-06-29 16:01:32.214 [info] > git config --get commit.template [5ms]
2024-06-29 16:01:32.215 [info] > git for-each-ref --format=%(refname)%00%(upstream:short)%00%(objectname)%00%(upstream:track)%00%(upstream:remotename)%00%(upstream:remoteref) refs/heads/main refs/remotes/main [2ms]
2024-06-29 16:01:32.222 [info] > git status -z -uall [3ms]
2024-06-29 16:02:09.338 [info] > git config --get commit.template [21ms]
2024-06-29 16:02:09.345 [info] > git for-each-ref --format=%(refname)%00%(upstream:short)%00%(objectname)%00%(upstream:track)%00%(upstream:remotename)%00%(upstream:remoteref) refs/heads/main refs/remotes/main [9ms]
2024-06-29 16:02:09.363 [info] > git status -z -uall [5ms]
2024-06-29 16:02:29.716 [info] > git config --get commit.template [6ms]
2024-06-29 16:02:29.718 [info] > git for-each-ref --format=%(refname)%00%(upstream:short)%00%(objectname)%00%(upstream:track)%00%(upstream:remotename)%00%(upstream:remoteref) refs/heads/main refs/remotes/main [2ms]
2024-06-29 16:02:29.728 [info] > git status -z -uall [4ms]
