2024-06-24 22:48:01.777 [info] Started local extension host with pid 36648.
2024-06-24 22:48:02.380 [warning] [twxs.cmake]: Cannot register 'cmake.cmakePath'. This property is already registered.
2024-06-24 22:48:06.901 [info] [perf] Render performance baseline is 71ms
2024-06-24 22:48:11.375 [error] Method not found: toJSON: CodeExpectedError: Method not found: toJSON
    at Object.call (/opt/visual-studio-code/resources/app/out/vs/code/electron-main/main.js:44:5381)
    at P.s (/opt/visual-studio-code/resources/app/out/vs/code/electron-main/main.js:42:5444)
    at P.q (/opt/visual-studio-code/resources/app/out/vs/code/electron-main/main.js:42:4899)
    at v.value (/opt/visual-studio-code/resources/app/out/vs/code/electron-main/main.js:42:4208)
    at s.y (/opt/visual-studio-code/resources/app/out/vs/code/electron-main/main.js:37:682)
    at s.z (/opt/visual-studio-code/resources/app/out/vs/code/electron-main/main.js:37:757)
    at s.fire (/opt/visual-studio-code/resources/app/out/vs/code/electron-main/main.js:37:976)
    at v.value (/opt/visual-studio-code/resources/app/out/vs/code/electron-main/main.js:33:29202)
    at s.y (/opt/visual-studio-code/resources/app/out/vs/code/electron-main/main.js:37:682)
    at s.fire (/opt/visual-studio-code/resources/app/out/vs/code/electron-main/main.js:37:905)
    at v.value (/opt/visual-studio-code/resources/app/out/vs/code/electron-main/main.js:33:29405)
    at s.y (/opt/visual-studio-code/resources/app/out/vs/code/electron-main/main.js:37:682)
    at s.fire (/opt/visual-studio-code/resources/app/out/vs/code/electron-main/main.js:37:905)
    at $e (/opt/visual-studio-code/resources/app/out/vs/code/electron-main/main.js:33:31818)
    at IpcMainImpl.c (/opt/visual-studio-code/resources/app/out/vs/code/electron-main/main.js:44:19580)
    at IpcMainImpl.emit (node:events:514:28)
    at WebContents.<anonymous> (node:electron/js2c/browser_init:2:78003)
    at WebContents.emit (node:events:514:28)
2024-06-24 22:48:33.943 [error] [Extension Host] [CMakeTools] 2024-06-24T21:48:33.941Z [fatal] [rollbar] Unhandled exception: Unhandled Promise rejection: setDefaultTarget Error: No cache object found {}
2024-06-24 22:48:33.944 [error] [Extension Host] Error: No cache object found
	at CMakeFileApiDriver.updateCodeModel (/home/voxi0/.vscode/extensions/ms-vscode.cmake-tools-1.18.42/dist/main.js:55338:23)
	at async CMakeFileApiDriver.doInit (/home/voxi0/.vscode/extensions/ms-vscode.cmake-tools-1.18.42/dist/main.js:55144:38)
	at async CMakeFileApiDriver._baseInit (/home/voxi0/.vscode/extensions/ms-vscode.cmake-tools-1.18.42/dist/main.js:54702:9)
	at async CMakeFileApiDriver.createDerived (/home/voxi0/.vscode/extensions/ms-vscode.cmake-tools-1.18.42/dist/main.js:54709:9)
	at async CMakeProject.startNewCMakeDriver (/home/voxi0/.vscode/extensions/ms-vscode.cmake-tools-1.18.42/dist/main.js:44381:27)
	at async /home/voxi0/.vscode/extensions/ms-vscode.cmake-tools-1.18.42/dist/main.js:44640:21
	at async /home/voxi0/.vscode/extensions/ms-vscode.cmake-tools-1.18.42/dist/main.js:69390:36
2024-06-24 22:48:37.113 [error] [Extension Host] [CMakeTools] 2024-06-24T21:48:37.111Z [fatal] [rollbar] Unhandled exception: Unhandled Promise rejection: cpack Error: No cache object found {}
2024-06-24 22:48:37.113 [error] [Extension Host] Error: No cache object found
	at CMakeFileApiDriver.updateCodeModel (/home/voxi0/.vscode/extensions/ms-vscode.cmake-tools-1.18.42/dist/main.js:55338:23)
	at async CMakeFileApiDriver.doInit (/home/voxi0/.vscode/extensions/ms-vscode.cmake-tools-1.18.42/dist/main.js:55144:38)
	at async CMakeFileApiDriver._baseInit (/home/voxi0/.vscode/extensions/ms-vscode.cmake-tools-1.18.42/dist/main.js:54702:9)
	at async CMakeFileApiDriver.createDerived (/home/voxi0/.vscode/extensions/ms-vscode.cmake-tools-1.18.42/dist/main.js:54709:9)
	at async CMakeProject.startNewCMakeDriver (/home/voxi0/.vscode/extensions/ms-vscode.cmake-tools-1.18.42/dist/main.js:44381:27)
	at async /home/voxi0/.vscode/extensions/ms-vscode.cmake-tools-1.18.42/dist/main.js:44640:21
	at async /home/voxi0/.vscode/extensions/ms-vscode.cmake-tools-1.18.42/dist/main.js:69390:36
2024-06-24 22:50:59.549 [error] [Extension Host] [CMakeTools] 2024-06-24T21:50:59.548Z [fatal] [rollbar] Unhandled exception: Unhandled Promise rejection: selectKit Error: No cache object found {}
2024-06-24 22:50:59.549 [error] [Extension Host] Error: No cache object found
	at CMakeFileApiDriver.updateCodeModel (/home/voxi0/.vscode/extensions/ms-vscode.cmake-tools-1.18.42/dist/main.js:55338:23)
	at async CMakeFileApiDriver.doInit (/home/voxi0/.vscode/extensions/ms-vscode.cmake-tools-1.18.42/dist/main.js:55144:38)
	at async CMakeFileApiDriver._baseInit (/home/voxi0/.vscode/extensions/ms-vscode.cmake-tools-1.18.42/dist/main.js:54702:9)
	at async CMakeFileApiDriver.createDerived (/home/voxi0/.vscode/extensions/ms-vscode.cmake-tools-1.18.42/dist/main.js:54709:9)
	at async CMakeProject.startNewCMakeDriver (/home/voxi0/.vscode/extensions/ms-vscode.cmake-tools-1.18.42/dist/main.js:44381:27)
	at async /home/voxi0/.vscode/extensions/ms-vscode.cmake-tools-1.18.42/dist/main.js:44640:21
	at async /home/voxi0/.vscode/extensions/ms-vscode.cmake-tools-1.18.42/dist/main.js:69390:36
2024-06-24 22:51:09.444 [error] [Extension Host] [CMakeTools] 2024-06-24T21:51:09.443Z [fatal] [rollbar] Unhandled exception: Unhandled Promise rejection: selectKit Error: No cache object found {}
2024-06-24 22:51:09.445 [error] [Extension Host] Error: No cache object found
	at CMakeFileApiDriver.updateCodeModel (/home/voxi0/.vscode/extensions/ms-vscode.cmake-tools-1.18.42/dist/main.js:55338:23)
	at async CMakeFileApiDriver.doInit (/home/voxi0/.vscode/extensions/ms-vscode.cmake-tools-1.18.42/dist/main.js:55144:38)
	at async CMakeFileApiDriver._baseInit (/home/voxi0/.vscode/extensions/ms-vscode.cmake-tools-1.18.42/dist/main.js:54702:9)
	at async CMakeFileApiDriver.createDerived (/home/voxi0/.vscode/extensions/ms-vscode.cmake-tools-1.18.42/dist/main.js:54709:9)
	at async CMakeProject.startNewCMakeDriver (/home/voxi0/.vscode/extensions/ms-vscode.cmake-tools-1.18.42/dist/main.js:44381:27)
	at async /home/voxi0/.vscode/extensions/ms-vscode.cmake-tools-1.18.42/dist/main.js:44640:21
	at async /home/voxi0/.vscode/extensions/ms-vscode.cmake-tools-1.18.42/dist/main.js:69390:36
2024-06-24 22:51:26.700 [error] [Extension Host] [CMakeTools] 2024-06-24T21:51:26.698Z [fatal] [rollbar] Unhandled exception: Unhandled Promise rejection: Changing build variant Error: No cache object found {}
2024-06-24 22:51:26.700 [error] [Extension Host] Error: No cache object found
	at CMakeFileApiDriver.updateCodeModel (/home/voxi0/.vscode/extensions/ms-vscode.cmake-tools-1.18.42/dist/main.js:55338:23)
	at async CMakeFileApiDriver.doInit (/home/voxi0/.vscode/extensions/ms-vscode.cmake-tools-1.18.42/dist/main.js:55144:38)
	at async CMakeFileApiDriver._baseInit (/home/voxi0/.vscode/extensions/ms-vscode.cmake-tools-1.18.42/dist/main.js:54702:9)
	at async CMakeFileApiDriver.createDerived (/home/voxi0/.vscode/extensions/ms-vscode.cmake-tools-1.18.42/dist/main.js:54709:9)
	at async CMakeProject.startNewCMakeDriver (/home/voxi0/.vscode/extensions/ms-vscode.cmake-tools-1.18.42/dist/main.js:44381:27)
	at async /home/voxi0/.vscode/extensions/ms-vscode.cmake-tools-1.18.42/dist/main.js:44640:21
	at async /home/voxi0/.vscode/extensions/ms-vscode.cmake-tools-1.18.42/dist/main.js:69390:36
2024-06-24 22:51:26.776 [error] [Extension Host] [CMakeTools] 2024-06-24T21:51:26.774Z [fatal] [rollbar] Unhandled exception: Unhandled Promise rejection: setVariant Error: No cache object found {}
2024-06-24 22:51:26.777 [error] [Extension Host] Error: No cache object found
	at CMakeFileApiDriver.updateCodeModel (/home/voxi0/.vscode/extensions/ms-vscode.cmake-tools-1.18.42/dist/main.js:55338:23)
	at async CMakeFileApiDriver.doInit (/home/voxi0/.vscode/extensions/ms-vscode.cmake-tools-1.18.42/dist/main.js:55144:38)
	at async CMakeFileApiDriver._baseInit (/home/voxi0/.vscode/extensions/ms-vscode.cmake-tools-1.18.42/dist/main.js:54702:9)
	at async CMakeFileApiDriver.createDerived (/home/voxi0/.vscode/extensions/ms-vscode.cmake-tools-1.18.42/dist/main.js:54709:9)
	at async CMakeProject.startNewCMakeDriver (/home/voxi0/.vscode/extensions/ms-vscode.cmake-tools-1.18.42/dist/main.js:44381:27)
	at async /home/voxi0/.vscode/extensions/ms-vscode.cmake-tools-1.18.42/dist/main.js:44640:21
	at async /home/voxi0/.vscode/extensions/ms-vscode.cmake-tools-1.18.42/dist/main.js:69390:36
2024-06-24 22:51:30.247 [error] [Extension Host] [CMakeTools] 2024-06-24T21:51:30.246Z [fatal] [rollbar] Unhandled exception: Unhandled Promise rejection: setDefaultTarget Error: No cache object found {}
2024-06-24 22:51:30.248 [error] [Extension Host] Error: No cache object found
	at CMakeFileApiDriver.updateCodeModel (/home/voxi0/.vscode/extensions/ms-vscode.cmake-tools-1.18.42/dist/main.js:55338:23)
	at async CMakeFileApiDriver.doInit (/home/voxi0/.vscode/extensions/ms-vscode.cmake-tools-1.18.42/dist/main.js:55144:38)
	at async CMakeFileApiDriver._baseInit (/home/voxi0/.vscode/extensions/ms-vscode.cmake-tools-1.18.42/dist/main.js:54702:9)
	at async CMakeFileApiDriver.createDerived (/home/voxi0/.vscode/extensions/ms-vscode.cmake-tools-1.18.42/dist/main.js:54709:9)
	at async CMakeProject.startNewCMakeDriver (/home/voxi0/.vscode/extensions/ms-vscode.cmake-tools-1.18.42/dist/main.js:44381:27)
	at async /home/voxi0/.vscode/extensions/ms-vscode.cmake-tools-1.18.42/dist/main.js:44640:21
	at async /home/voxi0/.vscode/extensions/ms-vscode.cmake-tools-1.18.42/dist/main.js:69390:36
2024-06-24 22:51:44.055 [error] [Extension Host] [CMakeTools] 2024-06-24T21:51:44.054Z [fatal] [rollbar] Unhandled exception: Unhandled Promise rejection: workflow Error: No cache object found {}
2024-06-24 22:51:44.056 [error] [Extension Host] Error: No cache object found
	at CMakeFileApiDriver.updateCodeModel (/home/voxi0/.vscode/extensions/ms-vscode.cmake-tools-1.18.42/dist/main.js:55338:23)
	at async CMakeFileApiDriver.doInit (/home/voxi0/.vscode/extensions/ms-vscode.cmake-tools-1.18.42/dist/main.js:55144:38)
	at async CMakeFileApiDriver._baseInit (/home/voxi0/.vscode/extensions/ms-vscode.cmake-tools-1.18.42/dist/main.js:54702:9)
	at async CMakeFileApiDriver.createDerived (/home/voxi0/.vscode/extensions/ms-vscode.cmake-tools-1.18.42/dist/main.js:54709:9)
	at async CMakeProject.startNewCMakeDriver (/home/voxi0/.vscode/extensions/ms-vscode.cmake-tools-1.18.42/dist/main.js:44381:27)
	at async /home/voxi0/.vscode/extensions/ms-vscode.cmake-tools-1.18.42/dist/main.js:44640:21
	at async /home/voxi0/.vscode/extensions/ms-vscode.cmake-tools-1.18.42/dist/main.js:69390:36
