2024-06-26 20:39:36.431 [info] Log level: Info
2024-06-26 20:39:36.431 [info] Validating found git in: "git"
2024-06-26 20:39:36.431 [info] Using git "2.45.2" from "git"
2024-06-26 20:39:36.431 [info] > git rev-parse --show-toplevel [25ms]
2024-06-26 20:39:36.431 [info] fatal: not a git repository (or any of the parent directories): .git
2024-06-26 20:39:36.431 [info] > git rev-parse --show-toplevel [168ms]
2024-06-26 20:39:36.431 [info] fatal: not a git repository (or any of the parent directories): .git
2024-06-26 20:39:36.431 [info] > git rev-parse --show-toplevel [25ms]
2024-06-26 20:39:36.431 [info] fatal: not a git repository (or any of the parent directories): .git
2024-06-26 20:39:36.431 [info] > git rev-parse --show-toplevel [6ms]
2024-06-26 20:39:36.431 [info] fatal: not a git repository (or any of the parent directories): .git
2024-06-26 20:39:36.479 [info] > git rev-parse --show-toplevel [40ms]
2024-06-26 20:39:36.479 [info] fatal: not a git repository (or any of the parent directories): .git
2024-06-26 20:39:37.897 [info] > git rev-parse --show-toplevel [13ms]
2024-06-26 20:39:37.897 [info] fatal: not a git repository (or any of the parent directories): .git
2024-06-26 20:39:38.183 [info] > git rev-parse --show-toplevel [2ms]
2024-06-26 20:39:38.183 [info] fatal: not a git repository (or any of the parent directories): .git
2024-06-26 20:39:39.674 [info] > git rev-parse --show-toplevel [3ms]
2024-06-26 20:39:39.674 [info] fatal: not a git repository (or any of the parent directories): .git
2024-06-26 21:40:41.854 [info] > git rev-parse --show-toplevel [3ms]
2024-06-26 21:40:41.855 [info] fatal: not a git repository (or any of the parent directories): .git
2024-06-26 21:40:42.179 [info] > git rev-parse --show-toplevel [1ms]
2024-06-26 21:40:42.179 [info] fatal: not a git repository (or any of the parent directories): .git
